<?xml version="1.0" encoding="UTF-8"?>
<testsuite name="by.couriers.operator.service.impl.OrderServiceImplTest" tests="1" skipped="0" failures="0" errors="0" timestamp="2016-04-10T14:43:08" hostname="EPBYMINW3719" time="0.068">
  <properties/>
  <testcase name="simpleTest" classname="by.couriers.operator.service.impl.OrderServiceImplTest" time="0.068"/>
  <system-out><![CDATA[17:43:05.752 [Test worker] DEBUG o.s.t.c.j.SpringJUnit4ClassRunner - SpringJUnit4ClassRunner constructor called with [class by.couriers.operator.service.impl.OrderServiceImplTest]
17:43:05.764 [Test worker] DEBUG o.s.test.context.BootstrapUtils - Instantiating CacheAwareContextLoaderDelegate from class [org.springframework.test.context.cache.DefaultCacheAwareContextLoaderDelegate]
17:43:05.769 [Test worker] DEBUG o.s.test.context.BootstrapUtils - Instantiating BootstrapContext using constructor [public org.springframework.test.context.support.DefaultBootstrapContext(java.lang.Class,org.springframework.test.context.CacheAwareContextLoaderDelegate)]
17:43:05.782 [Test worker] DEBUG o.s.test.context.BootstrapUtils - Instantiating TestContextBootstrapper for test class [by.couriers.operator.service.impl.OrderServiceImplTest] from class [org.springframework.test.context.support.DefaultTestContextBootstrapper]
17:43:05.804 [Test worker] DEBUG o.s.t.c.s.AbstractDelegatingSmartContextLoader - Delegating to AnnotationConfigContextLoader to process context configuration [ContextConfigurationAttributes@735160c2 declaringClass = 'by.couriers.operator.service.impl.OrderServiceImplTest', classes = '{class by.couriers.operator.TestConfig}', locations = '{}', inheritLocations = true, initializers = '{}', inheritInitializers = true, name = [null], contextLoaderClass = 'org.springframework.test.context.ContextLoader'].
17:43:05.806 [Test worker] DEBUG o.s.t.c.support.ActiveProfilesUtils - Could not find an 'annotation declaring class' for annotation type [org.springframework.test.context.ActiveProfiles] and class [by.couriers.operator.service.impl.OrderServiceImplTest]
17:43:05.810 [Test worker] DEBUG o.s.t.c.s.DefaultTestContextBootstrapper - @TestExecutionListeners is not present for class [by.couriers.operator.service.impl.OrderServiceImplTest]: using defaults.
17:43:05.818 [Test worker] INFO  o.s.t.c.s.DefaultTestContextBootstrapper - Loaded default TestExecutionListener class names from location [META-INF/spring.factories]: [org.springframework.test.context.web.ServletTestExecutionListener, org.springframework.test.context.support.DirtiesContextBeforeModesTestExecutionListener, org.springframework.test.context.support.DependencyInjectionTestExecutionListener, org.springframework.test.context.support.DirtiesContextTestExecutionListener, org.springframework.test.context.transaction.TransactionalTestExecutionListener, org.springframework.test.context.jdbc.SqlScriptsTestExecutionListener]
17:43:05.831 [Test worker] INFO  o.s.t.c.s.DefaultTestContextBootstrapper - Could not instantiate TestExecutionListener [org.springframework.test.context.transaction.TransactionalTestExecutionListener]. Specify custom listener classes or make the default listener classes (and their required dependencies) available. Offending class: [org/springframework/transaction/interceptor/TransactionAttributeSource]
17:43:05.831 [Test worker] INFO  o.s.t.c.s.DefaultTestContextBootstrapper - Could not instantiate TestExecutionListener [org.springframework.test.context.jdbc.SqlScriptsTestExecutionListener]. Specify custom listener classes or make the default listener classes (and their required dependencies) available. Offending class: [org/springframework/transaction/interceptor/TransactionAttribute]
17:43:05.833 [Test worker] INFO  o.s.t.c.s.DefaultTestContextBootstrapper - Using TestExecutionListeners: [org.springframework.test.context.web.ServletTestExecutionListener@5ab4bf48, org.springframework.test.context.support.DirtiesContextBeforeModesTestExecutionListener@31a3168, org.springframework.test.context.support.DependencyInjectionTestExecutionListener@6e37c937, org.springframework.test.context.support.DirtiesContextTestExecutionListener@132e2e62]
17:43:05.835 [Test worker] DEBUG o.s.t.annotation.ProfileValueUtils - Retrieved @ProfileValueSourceConfiguration [null] for test class [by.couriers.operator.service.impl.OrderServiceImplTest]
17:43:05.836 [Test worker] DEBUG o.s.t.annotation.ProfileValueUtils - Retrieved ProfileValueSource type [class org.springframework.test.annotation.SystemProfileValueSource] for class [by.couriers.operator.service.impl.OrderServiceImplTest]
17:43:05.836 [Test worker] DEBUG o.s.t.annotation.ProfileValueUtils - Retrieved @ProfileValueSourceConfiguration [null] for test class [by.couriers.operator.service.impl.OrderServiceImplTest]
17:43:05.836 [Test worker] DEBUG o.s.t.annotation.ProfileValueUtils - Retrieved ProfileValueSource type [class org.springframework.test.annotation.SystemProfileValueSource] for class [by.couriers.operator.service.impl.OrderServiceImplTest]
17:43:05.837 [Test worker] DEBUG o.s.t.annotation.ProfileValueUtils - Retrieved @ProfileValueSourceConfiguration [null] for test class [by.couriers.operator.service.impl.OrderServiceImplTest]
17:43:05.837 [Test worker] DEBUG o.s.t.annotation.ProfileValueUtils - Retrieved ProfileValueSource type [class org.springframework.test.annotation.SystemProfileValueSource] for class [by.couriers.operator.service.impl.OrderServiceImplTest]
17:43:05.839 [Test worker] DEBUG o.s.t.c.s.AbstractDirtiesContextTestExecutionListener - Before test class: context [DefaultTestContext@51d4030 testClass = OrderServiceImplTest, testInstance = [null], testMethod = [null], testException = [null], mergedContextConfiguration = [MergedContextConfiguration@59703884 testClass = OrderServiceImplTest, locations = '{}', classes = '{class by.couriers.operator.TestConfig}', contextInitializerClasses = '[]', activeProfiles = '{}', propertySourceLocations = '{}', propertySourceProperties = '{}', contextLoader = 'org.springframework.test.context.support.DelegatingSmartContextLoader', parent = [null]]], class annotated with @DirtiesContext [false] with mode [null].
17:43:05.840 [Test worker] DEBUG o.s.t.annotation.ProfileValueUtils - Retrieved @ProfileValueSourceConfiguration [null] for test class [by.couriers.operator.service.impl.OrderServiceImplTest]
17:43:05.840 [Test worker] DEBUG o.s.t.annotation.ProfileValueUtils - Retrieved ProfileValueSource type [class org.springframework.test.annotation.SystemProfileValueSource] for class [by.couriers.operator.service.impl.OrderServiceImplTest]
17:43:05.842 [Test worker] DEBUG o.s.t.c.s.DependencyInjectionTestExecutionListener - Performing dependency injection for test context [[DefaultTestContext@51d4030 testClass = OrderServiceImplTest, testInstance = by.couriers.operator.service.impl.OrderServiceImplTest@7f78dd9b, testMethod = [null], testException = [null], mergedContextConfiguration = [MergedContextConfiguration@59703884 testClass = OrderServiceImplTest, locations = '{}', classes = '{class by.couriers.operator.TestConfig}', contextInitializerClasses = '[]', activeProfiles = '{}', propertySourceLocations = '{}', propertySourceProperties = '{}', contextLoader = 'org.springframework.test.context.support.DelegatingSmartContextLoader', parent = [null]]]].
17:43:05.845 [Test worker] DEBUG o.s.t.c.s.AbstractDelegatingSmartContextLoader - Delegating to AnnotationConfigContextLoader to load context from [MergedContextConfiguration@59703884 testClass = OrderServiceImplTest, locations = '{}', classes = '{class by.couriers.operator.TestConfig}', contextInitializerClasses = '[]', activeProfiles = '{}', propertySourceLocations = '{}', propertySourceProperties = '{}', contextLoader = 'org.springframework.test.context.support.DelegatingSmartContextLoader', parent = [null]].
17:43:05.846 [Test worker] DEBUG o.s.t.c.s.AbstractGenericContextLoader - Loading ApplicationContext for merged context configuration [[MergedContextConfiguration@59703884 testClass = OrderServiceImplTest, locations = '{}', classes = '{class by.couriers.operator.TestConfig}', contextInitializerClasses = '[]', activeProfiles = '{}', propertySourceLocations = '{}', propertySourceProperties = '{}', contextLoader = 'org.springframework.test.context.support.DelegatingSmartContextLoader', parent = [null]]].
17:43:05.907 [Test worker] DEBUG o.s.core.env.StandardEnvironment - Adding [systemProperties] PropertySource with lowest search precedence
17:43:05.908 [Test worker] DEBUG o.s.core.env.StandardEnvironment - Adding [systemEnvironment] PropertySource with lowest search precedence
17:43:05.908 [Test worker] DEBUG o.s.core.env.StandardEnvironment - Initialized StandardEnvironment with PropertySources [systemProperties,systemEnvironment]
17:43:05.908 [Test worker] DEBUG o.s.t.c.s.AnnotationConfigContextLoader - Registering annotated classes: {class by.couriers.operator.TestConfig}
17:43:05.937 [Test worker] INFO  o.s.c.s.GenericApplicationContext - Refreshing org.springframework.context.support.GenericApplicationContext@28e47886: startup date [Sun Apr 10 17:43:05 MSK 2016]; root of context hierarchy
17:43:05.940 [Test worker] DEBUG o.s.c.s.GenericApplicationContext - Bean factory for org.springframework.context.support.GenericApplicationContext@28e47886: org.springframework.beans.factory.support.DefaultListableBeanFactory@77b329fb: defining beans [org.springframework.context.annotation.internalConfigurationAnnotationProcessor,org.springframework.context.annotation.internalAutowiredAnnotationProcessor,org.springframework.context.annotation.internalRequiredAnnotationProcessor,org.springframework.context.annotation.internalCommonAnnotationProcessor,org.springframework.context.event.internalEventListenerProcessor,org.springframework.context.event.internalEventListenerFactory,testConfig]; root of factory hierarchy
17:43:05.960 [Test worker] DEBUG o.s.b.f.s.DefaultListableBeanFactory - Creating shared instance of singleton bean 'org.springframework.context.annotation.internalConfigurationAnnotationProcessor'
17:43:05.960 [Test worker] DEBUG o.s.b.f.s.DefaultListableBeanFactory - Creating instance of bean 'org.springframework.context.annotation.internalConfigurationAnnotationProcessor'
17:43:05.973 [Test worker] DEBUG o.s.b.f.s.DefaultListableBeanFactory - Eagerly caching bean 'org.springframework.context.annotation.internalConfigurationAnnotationProcessor' to allow for resolving potential circular references
17:43:05.975 [Test worker] DEBUG o.s.b.f.s.DefaultListableBeanFactory - Finished creating instance of bean 'org.springframework.context.annotation.internalConfigurationAnnotationProcessor'
17:43:05.992 [Test worker] DEBUG o.s.core.env.StandardEnvironment - Adding [systemProperties] PropertySource with lowest search precedence
17:43:05.993 [Test worker] DEBUG o.s.core.env.StandardEnvironment - Adding [systemEnvironment] PropertySource with lowest search precedence
17:43:05.993 [Test worker] DEBUG o.s.core.env.StandardEnvironment - Initialized StandardEnvironment with PropertySources [systemProperties,systemEnvironment]
17:43:05.994 [Test worker] DEBUG o.s.c.a.ClassPathBeanDefinitionScanner - JSR-250 'javax.annotation.ManagedBean' found and supported for component scanning
17:43:05.998 [Test worker] DEBUG o.s.c.i.s.PathMatchingResourcePatternResolver - Resolved classpath location [by/couriers/operator/] to resources [URL [file:/C:/Users/Ilya_Zinkovich/IdeaProjects/couriers/operator/build/classes/test/by/couriers/operator/], URL [file:/C:/Users/Ilya_Zinkovich/IdeaProjects/couriers/operator/build/classes/main/by/couriers/operator/]]
17:43:05.998 [Test worker] DEBUG o.s.c.i.s.PathMatchingResourcePatternResolver - Looking for matching resources in directory tree [C:\Users\Ilya_Zinkovich\IdeaProjects\couriers\operator\build\classes\test\by\couriers\operator]
17:43:05.998 [Test worker] DEBUG o.s.c.i.s.PathMatchingResourcePatternResolver - Searching directory [C:\Users\Ilya_Zinkovich\IdeaProjects\couriers\operator\build\classes\test\by\couriers\operator] for files matching pattern [C:/Users/Ilya_Zinkovich/IdeaProjects/couriers/operator/build/classes/test/by/couriers/operator/**/*.class]
17:43:06.007 [Test worker] DEBUG o.s.c.i.s.PathMatchingResourcePatternResolver - Searching directory [C:\Users\Ilya_Zinkovich\IdeaProjects\couriers\operator\build\classes\test\by\couriers\operator\service] for files matching pattern [C:/Users/Ilya_Zinkovich/IdeaProjects/couriers/operator/build/classes/test/by/couriers/operator/**/*.class]
17:43:06.008 [Test worker] DEBUG o.s.c.i.s.PathMatchingResourcePatternResolver - Searching directory [C:\Users\Ilya_Zinkovich\IdeaProjects\couriers\operator\build\classes\test\by\couriers\operator\service\impl] for files matching pattern [C:/Users/Ilya_Zinkovich/IdeaProjects/couriers/operator/build/classes/test/by/couriers/operator/**/*.class]
17:43:06.009 [Test worker] DEBUG o.s.c.i.s.PathMatchingResourcePatternResolver - Looking for matching resources in directory tree [C:\Users\Ilya_Zinkovich\IdeaProjects\couriers\operator\build\classes\main\by\couriers\operator]
17:43:06.010 [Test worker] DEBUG o.s.c.i.s.PathMatchingResourcePatternResolver - Searching directory [C:\Users\Ilya_Zinkovich\IdeaProjects\couriers\operator\build\classes\main\by\couriers\operator] for files matching pattern [C:/Users/Ilya_Zinkovich/IdeaProjects/couriers/operator/build/classes/main/by/couriers/operator/**/*.class]
17:43:06.010 [Test worker] DEBUG o.s.c.i.s.PathMatchingResourcePatternResolver - Searching directory [C:\Users\Ilya_Zinkovich\IdeaProjects\couriers\operator\build\classes\main\by\couriers\operator\dao] for files matching pattern [C:/Users/Ilya_Zinkovich/IdeaProjects/couriers/operator/build/classes/main/by/couriers/operator/**/*.class]
17:43:06.011 [Test worker] DEBUG o.s.c.i.s.PathMatchingResourcePatternResolver - Searching directory [C:\Users\Ilya_Zinkovich\IdeaProjects\couriers\operator\build\classes\main\by\couriers\operator\model] for files matching pattern [C:/Users/Ilya_Zinkovich/IdeaProjects/couriers/operator/build/classes/main/by/couriers/operator/**/*.class]
17:43:06.018 [Test worker] DEBUG o.s.c.i.s.PathMatchingResourcePatternResolver - Searching directory [C:\Users\Ilya_Zinkovich\IdeaProjects\couriers\operator\build\classes\main\by\couriers\operator\service] for files matching pattern [C:/Users/Ilya_Zinkovich/IdeaProjects/couriers/operator/build/classes/main/by/couriers/operator/**/*.class]
17:43:06.019 [Test worker] DEBUG o.s.c.i.s.PathMatchingResourcePatternResolver - Searching directory [C:\Users\Ilya_Zinkovich\IdeaProjects\couriers\operator\build\classes\main\by\couriers\operator\service\impl] for files matching pattern [C:/Users/Ilya_Zinkovich/IdeaProjects/couriers/operator/build/classes/main/by/couriers/operator/**/*.class]
17:43:06.020 [Test worker] DEBUG o.s.c.i.s.PathMatchingResourcePatternResolver - Searching directory [C:\Users\Ilya_Zinkovich\IdeaProjects\couriers\operator\build\classes\main\by\couriers\operator\web] for files matching pattern [C:/Users/Ilya_Zinkovich/IdeaProjects/couriers/operator/build/classes/main/by/couriers/operator/**/*.class]
17:43:06.021 [Test worker] DEBUG o.s.c.i.s.PathMatchingResourcePatternResolver - Resolved location pattern [classpath*:by/couriers/operator/**/*.class] to resources [file [C:\Users\Ilya_Zinkovich\IdeaProjects\couriers\operator\build\classes\test\by\couriers\operator\service\impl\OrderServiceImplTest.class], file [C:\Users\Ilya_Zinkovich\IdeaProjects\couriers\operator\build\classes\test\by\couriers\operator\TestConfig.class], file [C:\Users\Ilya_Zinkovich\IdeaProjects\couriers\operator\build\classes\main\by\couriers\operator\AppConfig$1.class], file [C:\Users\Ilya_Zinkovich\IdeaProjects\couriers\operator\build\classes\main\by\couriers\operator\AppConfig.class], file [C:\Users\Ilya_Zinkovich\IdeaProjects\couriers\operator\build\classes\main\by\couriers\operator\dao\OrderDAO.class], file [C:\Users\Ilya_Zinkovich\IdeaProjects\couriers\operator\build\classes\main\by\couriers\operator\dao\OrderRepository.class], file [C:\Users\Ilya_Zinkovich\IdeaProjects\couriers\operator\build\classes\main\by\couriers\operator\model\LocalDateConverter.class], file [C:\Users\Ilya_Zinkovich\IdeaProjects\couriers\operator\build\classes\main\by\couriers\operator\model\Order.class], file [C:\Users\Ilya_Zinkovich\IdeaProjects\couriers\operator\build\classes\main\by\couriers\operator\model\OrderCriteria$1.class], file [C:\Users\Ilya_Zinkovich\IdeaProjects\couriers\operator\build\classes\main\by\couriers\operator\model\OrderCriteria$OrderCriteriaBuilder.class], file [C:\Users\Ilya_Zinkovich\IdeaProjects\couriers\operator\build\classes\main\by\couriers\operator\model\OrderCriteria.class], file [C:\Users\Ilya_Zinkovich\IdeaProjects\couriers\operator\build\classes\main\by\couriers\operator\model\Product.class], file [C:\Users\Ilya_Zinkovich\IdeaProjects\couriers\operator\build\classes\main\by\couriers\operator\service\impl\OrderServiceImpl.class], file [C:\Users\Ilya_Zinkovich\IdeaProjects\couriers\operator\build\classes\main\by\couriers\operator\service\OrderService.class], file [C:\Users\Ilya_Zinkovich\IdeaProjects\couriers\operator\build\classes\main\by\couriers\operator\web\OperatorController.class], file [C:\Users\Ilya_Zinkovich\IdeaProjects\couriers\operator\build\classes\main\by\couriers\operator\web\OrdersResource.class]]
17:43:06.057 [Test worker] DEBUG o.s.c.a.ClassPathBeanDefinitionScanner - Identified candidate component class: file [C:\Users\Ilya_Zinkovich\IdeaProjects\couriers\operator\build\classes\main\by\couriers\operator\AppConfig.class]
17:43:06.059 [Test worker] DEBUG o.s.c.a.ClassPathBeanDefinitionScanner - Identified candidate component class: file [C:\Users\Ilya_Zinkovich\IdeaProjects\couriers\operator\build\classes\main\by\couriers\operator\dao\OrderRepository.class]
17:43:06.068 [Test worker] DEBUG o.s.c.a.ClassPathBeanDefinitionScanner - Identified candidate component class: file [C:\Users\Ilya_Zinkovich\IdeaProjects\couriers\operator\build\classes\main\by\couriers\operator\service\impl\OrderServiceImpl.class]
17:43:06.074 [Test worker] DEBUG o.s.c.a.ClassPathBeanDefinitionScanner - Identified candidate component class: file [C:\Users\Ilya_Zinkovich\IdeaProjects\couriers\operator\build\classes\main\by\couriers\operator\web\OperatorController.class]
17:43:06.076 [Test worker] DEBUG o.s.c.a.ClassPathBeanDefinitionScanner - Identified candidate component class: file [C:\Users\Ilya_Zinkovich\IdeaProjects\couriers\operator\build\classes\main\by\couriers\operator\web\OrdersResource.class]
17:43:06.083 [Test worker] DEBUG o.s.core.env.StandardEnvironment - Adding [systemProperties] PropertySource with lowest search precedence
17:43:06.083 [Test worker] DEBUG o.s.core.env.StandardEnvironment - Adding [systemEnvironment] PropertySource with lowest search precedence
17:43:06.083 [Test worker] DEBUG o.s.core.env.StandardEnvironment - Initialized StandardEnvironment with PropertySources [systemProperties,systemEnvironment]
17:43:06.083 [Test worker] DEBUG o.s.c.a.ClassPathBeanDefinitionScanner - JSR-250 'javax.annotation.ManagedBean' found and supported for component scanning
17:43:06.088 [Test worker] DEBUG o.s.c.i.s.PathMatchingResourcePatternResolver - Resolved classpath location [by/couriers/operator/] to resources [URL [file:/C:/Users/Ilya_Zinkovich/IdeaProjects/couriers/operator/build/classes/test/by/couriers/operator/], URL [file:/C:/Users/Ilya_Zinkovich/IdeaProjects/couriers/operator/build/classes/main/by/couriers/operator/]]
17:43:06.088 [Test worker] DEBUG o.s.c.i.s.PathMatchingResourcePatternResolver - Looking for matching resources in directory tree [C:\Users\Ilya_Zinkovich\IdeaProjects\couriers\operator\build\classes\test\by\couriers\operator]
17:43:06.088 [Test worker] DEBUG o.s.c.i.s.PathMatchingResourcePatternResolver - Searching directory [C:\Users\Ilya_Zinkovich\IdeaProjects\couriers\operator\build\classes\test\by\couriers\operator] for files matching pattern [C:/Users/Ilya_Zinkovich/IdeaProjects/couriers/operator/build/classes/test/by/couriers/operator/**/*.class]
17:43:06.089 [Test worker] DEBUG o.s.c.i.s.PathMatchingResourcePatternResolver - Searching directory [C:\Users\Ilya_Zinkovich\IdeaProjects\couriers\operator\build\classes\test\by\couriers\operator\service] for files matching pattern [C:/Users/Ilya_Zinkovich/IdeaProjects/couriers/operator/build/classes/test/by/couriers/operator/**/*.class]
17:43:06.089 [Test worker] DEBUG o.s.c.i.s.PathMatchingResourcePatternResolver - Searching directory [C:\Users\Ilya_Zinkovich\IdeaProjects\couriers\operator\build\classes\test\by\couriers\operator\service\impl] for files matching pattern [C:/Users/Ilya_Zinkovich/IdeaProjects/couriers/operator/build/classes/test/by/couriers/operator/**/*.class]
17:43:06.090 [Test worker] DEBUG o.s.c.i.s.PathMatchingResourcePatternResolver - Looking for matching resources in directory tree [C:\Users\Ilya_Zinkovich\IdeaProjects\couriers\operator\build\classes\main\by\couriers\operator]
17:43:06.090 [Test worker] DEBUG o.s.c.i.s.PathMatchingResourcePatternResolver - Searching directory [C:\Users\Ilya_Zinkovich\IdeaProjects\couriers\operator\build\classes\main\by\couriers\operator] for files matching pattern [C:/Users/Ilya_Zinkovich/IdeaProjects/couriers/operator/build/classes/main/by/couriers/operator/**/*.class]
17:43:06.090 [Test worker] DEBUG o.s.c.i.s.PathMatchingResourcePatternResolver - Searching directory [C:\Users\Ilya_Zinkovich\IdeaProjects\couriers\operator\build\classes\main\by\couriers\operator\dao] for files matching pattern [C:/Users/Ilya_Zinkovich/IdeaProjects/couriers/operator/build/classes/main/by/couriers/operator/**/*.class]
17:43:06.092 [Test worker] DEBUG o.s.c.i.s.PathMatchingResourcePatternResolver - Searching directory [C:\Users\Ilya_Zinkovich\IdeaProjects\couriers\operator\build\classes\main\by\couriers\operator\model] for files matching pattern [C:/Users/Ilya_Zinkovich/IdeaProjects/couriers/operator/build/classes/main/by/couriers/operator/**/*.class]
17:43:06.093 [Test worker] DEBUG o.s.c.i.s.PathMatchingResourcePatternResolver - Searching directory [C:\Users\Ilya_Zinkovich\IdeaProjects\couriers\operator\build\classes\main\by\couriers\operator\service] for files matching pattern [C:/Users/Ilya_Zinkovich/IdeaProjects/couriers/operator/build/classes/main/by/couriers/operator/**/*.class]
17:43:06.093 [Test worker] DEBUG o.s.c.i.s.PathMatchingResourcePatternResolver - Searching directory [C:\Users\Ilya_Zinkovich\IdeaProjects\couriers\operator\build\classes\main\by\couriers\operator\service\impl] for files matching pattern [C:/Users/Ilya_Zinkovich/IdeaProjects/couriers/operator/build/classes/main/by/couriers/operator/**/*.class]
17:43:06.094 [Test worker] DEBUG o.s.c.i.s.PathMatchingResourcePatternResolver - Searching directory [C:\Users\Ilya_Zinkovich\IdeaProjects\couriers\operator\build\classes\main\by\couriers\operator\web] for files matching pattern [C:/Users/Ilya_Zinkovich/IdeaProjects/couriers/operator/build/classes/main/by/couriers/operator/**/*.class]
17:43:06.096 [Test worker] DEBUG o.s.c.i.s.PathMatchingResourcePatternResolver - Resolved location pattern [classpath*:by/couriers/operator/**/*.class] to resources [file [C:\Users\Ilya_Zinkovich\IdeaProjects\couriers\operator\build\classes\test\by\couriers\operator\service\impl\OrderServiceImplTest.class], file [C:\Users\Ilya_Zinkovich\IdeaProjects\couriers\operator\build\classes\test\by\couriers\operator\TestConfig.class], file [C:\Users\Ilya_Zinkovich\IdeaProjects\couriers\operator\build\classes\main\by\couriers\operator\AppConfig$1.class], file [C:\Users\Ilya_Zinkovich\IdeaProjects\couriers\operator\build\classes\main\by\couriers\operator\AppConfig.class], file [C:\Users\Ilya_Zinkovich\IdeaProjects\couriers\operator\build\classes\main\by\couriers\operator\dao\OrderDAO.class], file [C:\Users\Ilya_Zinkovich\IdeaProjects\couriers\operator\build\classes\main\by\couriers\operator\dao\OrderRepository.class], file [C:\Users\Ilya_Zinkovich\IdeaProjects\couriers\operator\build\classes\main\by\couriers\operator\model\LocalDateConverter.class], file [C:\Users\Ilya_Zinkovich\IdeaProjects\couriers\operator\build\classes\main\by\couriers\operator\model\Order.class], file [C:\Users\Ilya_Zinkovich\IdeaProjects\couriers\operator\build\classes\main\by\couriers\operator\model\OrderCriteria$1.class], file [C:\Users\Ilya_Zinkovich\IdeaProjects\couriers\operator\build\classes\main\by\couriers\operator\model\OrderCriteria$OrderCriteriaBuilder.class], file [C:\Users\Ilya_Zinkovich\IdeaProjects\couriers\operator\build\classes\main\by\couriers\operator\model\OrderCriteria.class], file [C:\Users\Ilya_Zinkovich\IdeaProjects\couriers\operator\build\classes\main\by\couriers\operator\model\Product.class], file [C:\Users\Ilya_Zinkovich\IdeaProjects\couriers\operator\build\classes\main\by\couriers\operator\service\impl\OrderServiceImpl.class], file [C:\Users\Ilya_Zinkovich\IdeaProjects\couriers\operator\build\classes\main\by\couriers\operator\service\OrderService.class], file [C:\Users\Ilya_Zinkovich\IdeaProjects\couriers\operator\build\classes\main\by\couriers\operator\web\OperatorController.class], file [C:\Users\Ilya_Zinkovich\IdeaProjects\couriers\operator\build\classes\main\by\couriers\operator\web\OrdersResource.class]]
17:43:06.106 [Test worker] DEBUG o.s.c.a.ClassPathBeanDefinitionScanner - Identified candidate component class: file [C:\Users\Ilya_Zinkovich\IdeaProjects\couriers\operator\build\classes\test\by\couriers\operator\TestConfig.class]
17:43:06.109 [Test worker] DEBUG o.s.c.a.ClassPathBeanDefinitionScanner - Identified candidate component class: file [C:\Users\Ilya_Zinkovich\IdeaProjects\couriers\operator\build\classes\main\by\couriers\operator\dao\OrderRepository.class]
17:43:06.112 [Test worker] DEBUG o.s.c.a.ClassPathBeanDefinitionScanner - Identified candidate component class: file [C:\Users\Ilya_Zinkovich\IdeaProjects\couriers\operator\build\classes\main\by\couriers\operator\service\impl\OrderServiceImpl.class]
17:43:06.112 [Test worker] DEBUG o.s.c.a.ClassPathBeanDefinitionScanner - Identified candidate component class: file [C:\Users\Ilya_Zinkovich\IdeaProjects\couriers\operator\build\classes\main\by\couriers\operator\web\OperatorController.class]
17:43:06.113 [Test worker] DEBUG o.s.c.a.ClassPathBeanDefinitionScanner - Identified candidate component class: file [C:\Users\Ilya_Zinkovich\IdeaProjects\couriers\operator\build\classes\main\by\couriers\operator\web\OrdersResource.class]
17:43:06.160 [Test worker] DEBUG o.s.c.e.PropertySourcesPropertyResolver - Searching for key 'java.runtime.name' in [systemProperties]
17:43:06.160 [Test worker] DEBUG o.s.c.e.PropertySourcesPropertyResolver - Found key 'java.runtime.name' in [systemProperties] with type [String] and value 'Java(TM) SE Runtime Environment'
17:43:06.163 [Test worker] DEBUG o.s.c.e.PropertySourcesPropertyResolver - Searching for key 'sun.boot.library.path' in [systemProperties]
17:43:06.164 [Test worker] DEBUG o.s.c.e.PropertySourcesPropertyResolver - Found key 'sun.boot.library.path' in [systemProperties] with type [String] and value 'C:\Program Files\Java\jdk1.8.0_60\jre\bin'
17:43:06.164 [Test worker] DEBUG o.s.c.e.PropertySourcesPropertyResolver - Searching for key 'java.vm.version' in [systemProperties]
17:43:06.164 [Test worker] DEBUG o.s.c.e.PropertySourcesPropertyResolver - Found key 'java.vm.version' in [systemProperties] with type [String] and value '25.60-b23'
17:43:06.164 [Test worker] DEBUG o.s.c.e.PropertySourcesPropertyResolver - Searching for key 'java.vm.vendor' in [systemProperties]
17:43:06.164 [Test worker] DEBUG o.s.c.e.PropertySourcesPropertyResolver - Found key 'java.vm.vendor' in [systemProperties] with type [String] and value 'Oracle Corporation'
17:43:06.164 [Test worker] DEBUG o.s.c.e.PropertySourcesPropertyResolver - Searching for key 'java.vendor.url' in [systemProperties]
17:43:06.165 [Test worker] DEBUG o.s.c.e.PropertySourcesPropertyResolver - Found key 'java.vendor.url' in [systemProperties] with type [String] and value 'http://java.oracle.com/'
17:43:06.165 [Test worker] DEBUG o.s.c.e.PropertySourcesPropertyResolver - Searching for key 'path.separator' in [systemProperties]
17:43:06.165 [Test worker] DEBUG o.s.c.e.PropertySourcesPropertyResolver - Found key 'path.separator' in [systemProperties] with type [String] and value ';'
17:43:06.165 [Test worker] DEBUG o.s.c.e.PropertySourcesPropertyResolver - Searching for key 'java.vm.name' in [systemProperties]
17:43:06.165 [Test worker] DEBUG o.s.c.e.PropertySourcesPropertyResolver - Found key 'java.vm.name' in [systemProperties] with type [String] and value 'Java HotSpot(TM) 64-Bit Server VM'
17:43:06.165 [Test worker] DEBUG o.s.c.e.PropertySourcesPropertyResolver - Searching for key 'file.encoding.pkg' in [systemProperties]
17:43:06.165 [Test worker] DEBUG o.s.c.e.PropertySourcesPropertyResolver - Found key 'file.encoding.pkg' in [systemProperties] with type [String] and value 'sun.io'
17:43:06.165 [Test worker] DEBUG o.s.c.e.PropertySourcesPropertyResolver - Searching for key 'user.script' in [systemProperties]
17:43:06.165 [Test worker] DEBUG o.s.c.e.PropertySourcesPropertyResolver - Found key 'user.script' in [systemProperties] with type [String] and value ''
17:43:06.165 [Test worker] DEBUG o.s.c.e.PropertySourcesPropertyResolver - Searching for key 'sun.java.launcher' in [systemProperties]
17:43:06.165 [Test worker] DEBUG o.s.c.e.PropertySourcesPropertyResolver - Found key 'sun.java.launcher' in [systemProperties] with type [String] and value 'SUN_STANDARD'
17:43:06.165 [Test worker] DEBUG o.s.c.e.PropertySourcesPropertyResolver - Searching for key 'user.country' in [systemProperties]
17:43:06.166 [Test worker] DEBUG o.s.c.e.PropertySourcesPropertyResolver - Found key 'user.country' in [systemProperties] with type [String] and value 'US'
17:43:06.166 [Test worker] DEBUG o.s.c.e.PropertySourcesPropertyResolver - Searching for key 'sun.os.patch.level' in [systemProperties]
17:43:06.166 [Test worker] DEBUG o.s.c.e.PropertySourcesPropertyResolver - Found key 'sun.os.patch.level' in [systemProperties] with type [String] and value 'Service Pack 1'
17:43:06.166 [Test worker] DEBUG o.s.c.e.PropertySourcesPropertyResolver - Searching for key 'java.vm.specification.name' in [systemProperties]
17:43:06.166 [Test worker] DEBUG o.s.c.e.PropertySourcesPropertyResolver - Found key 'java.vm.specification.name' in [systemProperties] with type [String] and value 'Java Virtual Machine Specification'
17:43:06.166 [Test worker] DEBUG o.s.c.e.PropertySourcesPropertyResolver - Searching for key 'user.dir' in [systemProperties]
17:43:06.166 [Test worker] DEBUG o.s.c.e.PropertySourcesPropertyResolver - Found key 'user.dir' in [systemProperties] with type [String] and value 'C:\Users\Ilya_Zinkovich\IdeaProjects\couriers\operator'
17:43:06.166 [Test worker] DEBUG o.s.c.e.PropertySourcesPropertyResolver - Searching for key 'java.runtime.version' in [systemProperties]
17:43:06.166 [Test worker] DEBUG o.s.c.e.PropertySourcesPropertyResolver - Found key 'java.runtime.version' in [systemProperties] with type [String] and value '1.8.0_60-b27'
17:43:06.166 [Test worker] DEBUG o.s.c.e.PropertySourcesPropertyResolver - Searching for key 'java.awt.graphicsenv' in [systemProperties]
17:43:06.166 [Test worker] DEBUG o.s.c.e.PropertySourcesPropertyResolver - Found key 'java.awt.graphicsenv' in [systemProperties] with type [String] and value 'sun.awt.Win32GraphicsEnvironment'
17:43:06.166 [Test worker] DEBUG o.s.c.e.PropertySourcesPropertyResolver - Searching for key 'java.endorsed.dirs' in [systemProperties]
17:43:06.166 [Test worker] DEBUG o.s.c.e.PropertySourcesPropertyResolver - Found key 'java.endorsed.dirs' in [systemProperties] with type [String] and value 'C:\Program Files\Java\jdk1.8.0_60\jre\lib\endorsed'
17:43:06.166 [Test worker] DEBUG o.s.c.e.PropertySourcesPropertyResolver - Searching for key 'os.arch' in [systemProperties]
17:43:06.166 [Test worker] DEBUG o.s.c.e.PropertySourcesPropertyResolver - Found key 'os.arch' in [systemProperties] with type [String] and value 'amd64'
17:43:06.166 [Test worker] DEBUG o.s.c.e.PropertySourcesPropertyResolver - Searching for key 'java.io.tmpdir' in [systemProperties]
17:43:06.167 [Test worker] DEBUG o.s.c.e.PropertySourcesPropertyResolver - Found key 'java.io.tmpdir' in [systemProperties] with type [String] and value 'C:\Users\Ilya_Zinkovich\AppData\Local\Temp\'
17:43:06.167 [Test worker] DEBUG o.s.c.e.PropertySourcesPropertyResolver - Searching for key 'line.separator' in [systemProperties]
17:43:06.167 [Test worker] DEBUG o.s.c.e.PropertySourcesPropertyResolver - Found key 'line.separator' in [systemProperties] with type [String] and value '
'
17:43:06.167 [Test worker] DEBUG o.s.c.e.PropertySourcesPropertyResolver - Searching for key 'java.vm.specification.vendor' in [systemProperties]
17:43:06.167 [Test worker] DEBUG o.s.c.e.PropertySourcesPropertyResolver - Found key 'java.vm.specification.vendor' in [systemProperties] with type [String] and value 'Oracle Corporation'
17:43:06.167 [Test worker] DEBUG o.s.c.e.PropertySourcesPropertyResolver - Searching for key 'user.variant' in [systemProperties]
17:43:06.167 [Test worker] DEBUG o.s.c.e.PropertySourcesPropertyResolver - Found key 'user.variant' in [systemProperties] with type [String] and value ''
17:43:06.167 [Test worker] DEBUG o.s.c.e.PropertySourcesPropertyResolver - Searching for key 'os.name' in [systemProperties]
17:43:06.167 [Test worker] DEBUG o.s.c.e.PropertySourcesPropertyResolver - Found key 'os.name' in [systemProperties] with type [String] and value 'Windows 7'
17:43:06.167 [Test worker] DEBUG o.s.c.e.PropertySourcesPropertyResolver - Searching for key 'sun.jnu.encoding' in [systemProperties]
17:43:06.167 [Test worker] DEBUG o.s.c.e.PropertySourcesPropertyResolver - Found key 'sun.jnu.encoding' in [systemProperties] with type [String] and value 'Cp1251'
17:43:06.168 [Test worker] DEBUG o.s.c.e.PropertySourcesPropertyResolver - Searching for key 'java.library.path' in [systemProperties]
17:43:06.168 [Test worker] DEBUG o.s.c.e.PropertySourcesPropertyResolver - Found key 'java.library.path' in [systemProperties] with type [String] and value 'C:\Program Files\Java\jdk1.8.0_60\bin;C:\WINDOWS\Sun\Java\bin;C:\WINDOWS\system32;C:\WINDOWS;C:\ProgramData\Oracle\Java\javapath;D:\Programs\Oracle\product\11.2.0\dbhome_1\bin;C:\WINDOWS\system32;C:\WINDOWS;C:\WINDOWS\System32\Wbem;C:\WINDOWS\System32\WindowsPowerShell\v1.0\;C:\Program Files\TortoiseSVN\bin;%ANT_HOME\bin;C:\Program Files\Java\jdk1.8.0_60\bin;D:\Programs\tomcat6\bin;C:\Program Files\Apache Software Foundation\apache-maven-3.3.3\bin;C:\Program Files\nodejs\;C:\Program Files\Perforce;C:\Program Files\Perforce\DVCS\;C:\Program Files\gradle-2.10\bin;C:\Program Files (x86)\Skype\Phone\;C:\mongodb\bin;C:\Git\bin;C:\Program Files\Anaconda2;C:\Python27\Scripts;C:\Program Files\Anaconda2;C:\Program Files\Anaconda2\Scripts;C:\Program Files\Anaconda2\Library\bin;C:\Users\Ilya_Zinkovich\AppData\Roaming\npm;C:\Users\Ilya_Zinkovich\AppData\Local\atom\bin;.'
17:43:06.168 [Test worker] DEBUG o.s.c.e.PropertySourcesPropertyResolver - Searching for key 'java.specification.name' in [systemProperties]
17:43:06.168 [Test worker] DEBUG o.s.c.e.PropertySourcesPropertyResolver - Found key 'java.specification.name' in [systemProperties] with type [String] and value 'Java Platform API Specification'
17:43:06.168 [Test worker] DEBUG o.s.c.e.PropertySourcesPropertyResolver - Searching for key 'java.class.version' in [systemProperties]
17:43:06.168 [Test worker] DEBUG o.s.c.e.PropertySourcesPropertyResolver - Found key 'java.class.version' in [systemProperties] with type [String] and value '52.0'
17:43:06.168 [Test worker] DEBUG o.s.c.e.PropertySourcesPropertyResolver - Searching for key 'sun.management.compiler' in [systemProperties]
17:43:06.168 [Test worker] DEBUG o.s.c.e.PropertySourcesPropertyResolver - Found key 'sun.management.compiler' in [systemProperties] with type [String] and value 'HotSpot 64-Bit Tiered Compilers'
17:43:06.168 [Test worker] DEBUG o.s.c.e.PropertySourcesPropertyResolver - Searching for key 'os.version' in [systemProperties]
17:43:06.168 [Test worker] DEBUG o.s.c.e.PropertySourcesPropertyResolver - Found key 'os.version' in [systemProperties] with type [String] and value '6.1'
17:43:06.168 [Test worker] DEBUG o.s.c.e.PropertySourcesPropertyResolver - Searching for key 'user.home' in [systemProperties]
17:43:06.169 [Test worker] DEBUG o.s.c.e.PropertySourcesPropertyResolver - Found key 'user.home' in [systemProperties] with type [String] and value 'C:\Users\Ilya_Zinkovich'
17:43:06.169 [Test worker] DEBUG o.s.c.e.PropertySourcesPropertyResolver - Searching for key 'user.timezone' in [systemProperties]
17:43:06.169 [Test worker] DEBUG o.s.c.e.PropertySourcesPropertyResolver - Found key 'user.timezone' in [systemProperties] with type [String] and value 'Europe/Minsk'
17:43:06.169 [Test worker] DEBUG o.s.c.e.PropertySourcesPropertyResolver - Searching for key 'java.awt.printerjob' in [systemProperties]
17:43:06.169 [Test worker] DEBUG o.s.c.e.PropertySourcesPropertyResolver - Found key 'java.awt.printerjob' in [systemProperties] with type [String] and value 'sun.awt.windows.WPrinterJob'
17:43:06.169 [Test worker] DEBUG o.s.c.e.PropertySourcesPropertyResolver - Searching for key 'file.encoding' in [systemProperties]
17:43:06.169 [Test worker] DEBUG o.s.c.e.PropertySourcesPropertyResolver - Found key 'file.encoding' in [systemProperties] with type [String] and value 'windows-1251'
17:43:06.169 [Test worker] DEBUG o.s.c.e.PropertySourcesPropertyResolver - Searching for key 'java.specification.version' in [systemProperties]
17:43:06.169 [Test worker] DEBUG o.s.c.e.PropertySourcesPropertyResolver - Found key 'java.specification.version' in [systemProperties] with type [String] and value '1.8'
17:43:06.169 [Test worker] DEBUG o.s.c.e.PropertySourcesPropertyResolver - Searching for key 'java.class.path' in [systemProperties]
17:43:06.169 [Test worker] DEBUG o.s.c.e.PropertySourcesPropertyResolver - Found key 'java.class.path' in [systemProperties] with type [String] and value 'C:\Users\Ilya_Zinkovich\IdeaProjects\couriers\operator\build\classes\test;C:\Users\Ilya_Zinkovich\IdeaProjects\couriers\operator\build\resources\test;C:\Users\Ilya_Zinkovich\IdeaProjects\couriers\operator\build\classes\main;C:\Users\Ilya_Zinkovich\IdeaProjects\couriers\operator\build\resources\main;C:\Users\Ilya_Zinkovich\.gradle\caches\modules-2\files-2.1\org.springframework.boot\spring-boot-starter-web\1.3.3.RELEASE\f1ee2657f50844d8682b30a1f40aebff3ad60cce\spring-boot-starter-web-1.3.3.RELEASE.jar;C:\Users\Ilya_Zinkovich\.gradle\caches\modules-2\files-2.1\org.mongodb\mongo-java-driver\3.2.2\654b381c444d22e095363036767a52de1fda3ab0\mongo-java-driver-3.2.2.jar;C:\Users\Ilya_Zinkovich\.gradle\caches\modules-2\files-2.1\org.mongodb.morphia\morphia\1.1.1\2801fcf2ee819a7fa7f7d9ca934f992c50e1e639\morphia-1.1.1.jar;C:\Users\Ilya_Zinkovich\.gradle\caches\modules-2\files-2.1\org.springframework\spring-test\4.2.5.RELEASE\60bd0ac25869d515717284b77644d0416d3a38c5\spring-test-4.2.5.RELEASE.jar;C:\Users\Ilya_Zinkovich\.gradle\caches\modules-2\files-2.1\com.fasterxml.jackson.datatype\jackson-datatype-jsr310\2.7.3\e41a3c103f5017794bd866528ec359ae70f5f875\jackson-datatype-jsr310-2.7.3.jar;C:\Users\Ilya_Zinkovich\.gradle\caches\modules-2\files-2.1\junit\junit\4.11\4e031bb61df09069aeb2bffb4019e7a5034a4ee0\junit-4.11.jar;C:\Users\Ilya_Zinkovich\.gradle\caches\modules-2\files-2.1\org.springframework.boot\spring-boot-starter\1.3.3.RELEASE\e4a71ce6ae8e42a7535dd9f1a39f91d36c538f28\spring-boot-starter-1.3.3.RELEASE.jar;C:\Users\Ilya_Zinkovich\.gradle\caches\modules-2\files-2.1\org.springframework.boot\spring-boot-starter-tomcat\1.3.3.RELEASE\541468d85cc2c94d2b538b0fa07c018847bb9b78\spring-boot-starter-tomcat-1.3.3.RELEASE.jar;C:\Users\Ilya_Zinkovich\.gradle\caches\modules-2\files-2.1\org.springframework.boot\spring-boot-starter-validation\1.3.3.RELEASE\df2d5a437fa3093b8da99216c355189fe7b5e64\spring-boot-starter-validation-1.3.3.RELEASE.jar;C:\Users\Ilya_Zinkovich\.gradle\caches\modules-2\files-2.1\com.fasterxml.jackson.core\jackson-databind\2.6.5\d50be1723a09befd903887099ff2014ea9020333\jackson-databind-2.6.5.jar;C:\Users\Ilya_Zinkovich\.gradle\caches\modules-2\files-2.1\org.springframework\spring-web\4.2.5.RELEASE\49cd2430884b77172aa81e3fc33ef668ea1dab30\spring-web-4.2.5.RELEASE.jar;C:\Users\Ilya_Zinkovich\.gradle\caches\modules-2\files-2.1\org.springframework\spring-webmvc\4.2.5.RELEASE\cf463cce3e4453eb4b9a69de2dcdfd60c3c57e0\spring-webmvc-4.2.5.RELEASE.jar;C:\Users\Ilya_Zinkovich\.gradle\caches\modules-2\files-2.1\cglib\cglib-nodep\2.2.2\d456bb230c70c0b95c76fb28e429d42f275941\cglib-nodep-2.2.2.jar;C:\Users\Ilya_Zinkovich\.gradle\caches\modules-2\files-2.1\com.thoughtworks.proxytoys\proxytoys\1.0\d22baee6d1b98dc38a6a428f774fd9e5b2ccf4af\proxytoys-1.0.jar;C:\Users\Ilya_Zinkovich\.gradle\caches\modules-2\files-2.1\org.springframework\spring-core\4.2.5.RELEASE\251207b29f0f38f61e3495a2f7fb053cf1bfe8c\spring-core-4.2.5.RELEASE.jar;C:\Users\Ilya_Zinkovich\.gradle\caches\modules-2\files-2.1\com.fasterxml.jackson.core\jackson-core\2.6.5\334369d7eff497f358b248c171dac0dd62c68f67\jackson-core-2.6.5.jar;C:\Users\Ilya_Zinkovich\.gradle\caches\modules-2\files-2.1\org.hamcrest\hamcrest-core\1.3\42a25dc3219429f0e5d060061f71acb49bf010a0\hamcrest-core-1.3.jar;C:\Users\Ilya_Zinkovich\.gradle\caches\modules-2\files-2.1\org.springframework.boot\spring-boot\1.3.3.RELEASE\641cc375499d444e4efbc1801902260daa79758d\spring-boot-1.3.3.RELEASE.jar;C:\Users\Ilya_Zinkovich\.gradle\caches\modules-2\files-2.1\org.springframework.boot\spring-boot-autoconfigure\1.3.3.RELEASE\e7a4a25f74dac6b335ffabc43e3e8a6e3066340e\spring-boot-autoconfigure-1.3.3.RELEASE.jar;C:\Users\Ilya_Zinkovich\.gradle\caches\modules-2\files-2.1\org.springframework.boot\spring-boot-starter-logging\1.3.3.RELEASE\16b395c84f28b947f1c336aa461fda1e662bb3b6\spring-boot-starter-logging-1.3.3.RELEASE.jar;C:\Users\Ilya_Zinkovich\.gradle\caches\modules-2\files-2.1\org.yaml\snakeyaml\1.16\d64fb662c9e42789149f5078a62a22edda786c6a\snakeyaml-1.16.jar;C:\Users\Ilya_Zinkovich\.gradle\caches\modules-2\files-2.1\org.apache.tomcat.embed\tomcat-embed-core\8.0.32\734ead0c803525cc9c7f283438101734ca9aac01\tomcat-embed-core-8.0.32.jar;C:\Users\Ilya_Zinkovich\.gradle\caches\modules-2\files-2.1\org.apache.tomcat.embed\tomcat-embed-el\8.0.32\82adf8bd959fc046d55490e6f2ce67297c91d62b\tomcat-embed-el-8.0.32.jar;C:\Users\Ilya_Zinkovich\.gradle\caches\modules-2\files-2.1\org.apache.tomcat.embed\tomcat-embed-logging-juli\8.0.32\5e664b357710a6c43cad2191404c2a9d0b82cdb3\tomcat-embed-logging-juli-8.0.32.jar;C:\Users\Ilya_Zinkovich\.gradle\caches\modules-2\files-2.1\org.apache.tomcat.embed\tomcat-embed-websocket\8.0.32\237ca58dac66f438579750169e6cb297ac041c9d\tomcat-embed-websocket-8.0.32.jar;C:\Users\Ilya_Zinkovich\.gradle\caches\modules-2\files-2.1\org.hibernate\hibernate-validator\5.2.4.Final\fb18766b576aa6632bcfe9a20a023cbd52bf9769\hibernate-validator-5.2.4.Final.jar;C:\Users\Ilya_Zinkovich\.gradle\caches\modules-2\files-2.1\com.fasterxml.jackson.core\jackson-annotations\2.6.5\65137ebf85056473b40c311f889601646a7612ba\jackson-annotations-2.6.5.jar;C:\Users\Ilya_Zinkovich\.gradle\caches\modules-2\files-2.1\org.springframework\spring-aop\4.2.5.RELEASE\858d6c70909b3ce7e07b59fc936f8ccfcd81c0aa\spring-aop-4.2.5.RELEASE.jar;C:\Users\Ilya_Zinkovich\.gradle\caches\modules-2\files-2.1\org.springframework\spring-beans\4.2.5.RELEASE\fa992ae40f6fc47117282164e0433b71da385e94\spring-beans-4.2.5.RELEASE.jar;C:\Users\Ilya_Zinkovich\.gradle\caches\modules-2\files-2.1\org.springframework\spring-context\4.2.5.RELEASE\a75e18322c7b362fe1daa26a245ae672ec0f3138\spring-context-4.2.5.RELEASE.jar;C:\Users\Ilya_Zinkovich\.gradle\caches\modules-2\files-2.1\org.springframework\spring-expression\4.2.5.RELEASE\a42bdfb833d0be6c18429aea3fb0fba81f85c6e8\spring-expression-4.2.5.RELEASE.jar;C:\Users\Ilya_Zinkovich\.gradle\caches\modules-2\files-2.1\ch.qos.logback\logback-classic\1.1.5\92353eb144695bba80b31f7bec4f36d871f230ac\logback-classic-1.1.5.jar;C:\Users\Ilya_Zinkovich\.gradle\caches\modules-2\files-2.1\org.slf4j\jcl-over-slf4j\1.7.16\34e48073884704ac987d3d1a1ab9b60e62028a9\jcl-over-slf4j-1.7.16.jar;C:\Users\Ilya_Zinkovich\.gradle\caches\modules-2\files-2.1\org.slf4j\jul-to-slf4j\1.7.16\2d5b546c5557dcbf08c3a381d7dc9bd275a602c1\jul-to-slf4j-1.7.16.jar;C:\Users\Ilya_Zinkovich\.gradle\caches\modules-2\files-2.1\org.slf4j\log4j-over-slf4j\1.7.16\c5922f37c8a5e4377cfb543c549f10e73d72ede0\log4j-over-slf4j-1.7.16.jar;C:\Users\Ilya_Zinkovich\.gradle\caches\modules-2\files-2.1\javax.validation\validation-api\1.1.0.Final\8613ae82954779d518631e05daa73a6a954817d5\validation-api-1.1.0.Final.jar;C:\Users\Ilya_Zinkovich\.gradle\caches\modules-2\files-2.1\org.jboss.logging\jboss-logging\3.3.0.Final\3616bb87707910296e2c195dc016287080bba5af\jboss-logging-3.3.0.Final.jar;C:\Users\Ilya_Zinkovich\.gradle\caches\modules-2\files-2.1\com.fasterxml\classmate\1.1.0\dbbd699a1486ad0f2ed6f5af6cfed66acacb9056\classmate-1.1.0.jar;C:\Users\Ilya_Zinkovich\.gradle\caches\modules-2\files-2.1\aopalliance\aopalliance\1.0\235ba8b489512805ac13a8f9ea77a1ca5ebe3e8\aopalliance-1.0.jar;C:\Users\Ilya_Zinkovich\.gradle\caches\modules-2\files-2.1\ch.qos.logback\logback-core\1.1.5\16722afde74444716e299bee1f60aec9f6d1f0dc\logback-core-1.1.5.jar;C:\Users\Ilya_Zinkovich\.gradle\caches\modules-2\files-2.1\org.slf4j\slf4j-api\1.7.16\3a6274f658487d5bfff9af3862beff6da1e7fd52\slf4j-api-1.7.16.jar'
17:43:06.170 [Test worker] DEBUG o.s.c.e.PropertySourcesPropertyResolver - Searching for key 'user.name' in [systemProperties]
17:43:06.170 [Test worker] DEBUG o.s.c.e.PropertySourcesPropertyResolver - Found key 'user.name' in [systemProperties] with type [String] and value 'Ilya_Zinkovich'
17:43:06.170 [Test worker] DEBUG o.s.c.e.PropertySourcesPropertyResolver - Searching for key 'java.vm.specification.version' in [systemProperties]
17:43:06.170 [Test worker] DEBUG o.s.c.e.PropertySourcesPropertyResolver - Found key 'java.vm.specification.version' in [systemProperties] with type [String] and value '1.8'
17:43:06.170 [Test worker] DEBUG o.s.c.e.PropertySourcesPropertyResolver - Searching for key 'sun.java.command' in [systemProperties]
17:43:06.170 [Test worker] DEBUG o.s.c.e.PropertySourcesPropertyResolver - Found key 'sun.java.command' in [systemProperties] with type [String] and value 'jarjar.org.gradle.process.internal.launcher.GradleWorkerMain 'Gradle Test Executor 1''
17:43:06.170 [Test worker] DEBUG o.s.c.e.PropertySourcesPropertyResolver - Searching for key 'java.home' in [systemProperties]
17:43:06.170 [Test worker] DEBUG o.s.c.e.PropertySourcesPropertyResolver - Found key 'java.home' in [systemProperties] with type [String] and value 'C:\Program Files\Java\jdk1.8.0_60\jre'
17:43:06.170 [Test worker] DEBUG o.s.c.e.PropertySourcesPropertyResolver - Searching for key 'sun.arch.data.model' in [systemProperties]
17:43:06.170 [Test worker] DEBUG o.s.c.e.PropertySourcesPropertyResolver - Found key 'sun.arch.data.model' in [systemProperties] with type [String] and value '64'
17:43:06.170 [Test worker] DEBUG o.s.c.e.PropertySourcesPropertyResolver - Searching for key 'user.language' in [systemProperties]
17:43:06.170 [Test worker] DEBUG o.s.c.e.PropertySourcesPropertyResolver - Found key 'user.language' in [systemProperties] with type [String] and value 'en'
17:43:06.174 [Test worker] DEBUG o.s.c.e.PropertySourcesPropertyResolver - Searching for key 'java.specification.vendor' in [systemProperties]
17:43:06.174 [Test worker] DEBUG o.s.c.e.PropertySourcesPropertyResolver - Found key 'java.specification.vendor' in [systemProperties] with type [String] and value 'Oracle Corporation'
17:43:06.174 [Test worker] DEBUG o.s.c.e.PropertySourcesPropertyResolver - Searching for key 'awt.toolkit' in [systemProperties]
17:43:06.174 [Test worker] DEBUG o.s.c.e.PropertySourcesPropertyResolver - Found key 'awt.toolkit' in [systemProperties] with type [String] and value 'sun.awt.windows.WToolkit'
17:43:06.174 [Test worker] DEBUG o.s.c.e.PropertySourcesPropertyResolver - Searching for key 'java.vm.info' in [systemProperties]
17:43:06.174 [Test worker] DEBUG o.s.c.e.PropertySourcesPropertyResolver - Found key 'java.vm.info' in [systemProperties] with type [String] and value 'mixed mode'
17:43:06.174 [Test worker] DEBUG o.s.c.e.PropertySourcesPropertyResolver - Searching for key 'java.version' in [systemProperties]
17:43:06.174 [Test worker] DEBUG o.s.c.e.PropertySourcesPropertyResolver - Found key 'java.version' in [systemProperties] with type [String] and value '1.8.0_60'
17:43:06.175 [Test worker] DEBUG o.s.c.e.PropertySourcesPropertyResolver - Searching for key 'java.ext.dirs' in [systemProperties]
17:43:06.175 [Test worker] DEBUG o.s.c.e.PropertySourcesPropertyResolver - Found key 'java.ext.dirs' in [systemProperties] with type [String] and value 'C:\Program Files\Java\jdk1.8.0_60\jre\lib\ext;C:\WINDOWS\Sun\Java\lib\ext'
17:43:06.175 [Test worker] DEBUG o.s.c.e.PropertySourcesPropertyResolver - Searching for key 'sun.boot.class.path' in [systemProperties]
17:43:06.175 [Test worker] DEBUG o.s.c.e.PropertySourcesPropertyResolver - Found key 'sun.boot.class.path' in [systemProperties] with type [String] and value 'C:\Program Files\Java\jdk1.8.0_60\jre\lib\resources.jar;C:\Program Files\Java\jdk1.8.0_60\jre\lib\rt.jar;C:\Program Files\Java\jdk1.8.0_60\jre\lib\sunrsasign.jar;C:\Program Files\Java\jdk1.8.0_60\jre\lib\jsse.jar;C:\Program Files\Java\jdk1.8.0_60\jre\lib\jce.jar;C:\Program Files\Java\jdk1.8.0_60\jre\lib\charsets.jar;C:\Program Files\Java\jdk1.8.0_60\jre\lib\jfr.jar;C:\Program Files\Java\jdk1.8.0_60\jre\classes'
17:43:06.175 [Test worker] DEBUG o.s.c.e.PropertySourcesPropertyResolver - Searching for key 'java.vendor' in [systemProperties]
17:43:06.175 [Test worker] DEBUG o.s.c.e.PropertySourcesPropertyResolver - Found key 'java.vendor' in [systemProperties] with type [String] and value 'Oracle Corporation'
17:43:06.175 [Test worker] DEBUG o.s.c.e.PropertySourcesPropertyResolver - Searching for key 'org.gradle.test.worker' in [systemProperties]
17:43:06.175 [Test worker] DEBUG o.s.c.e.PropertySourcesPropertyResolver - Found key 'org.gradle.test.worker' in [systemProperties] with type [String] and value '1'
17:43:06.175 [Test worker] DEBUG o.s.c.e.PropertySourcesPropertyResolver - Searching for key 'file.separator' in [systemProperties]
17:43:06.175 [Test worker] DEBUG o.s.c.e.PropertySourcesPropertyResolver - Found key 'file.separator' in [systemProperties] with type [String] and value '\'
17:43:06.175 [Test worker] DEBUG o.s.c.e.PropertySourcesPropertyResolver - Searching for key 'java.vendor.url.bug' in [systemProperties]
17:43:06.175 [Test worker] DEBUG o.s.c.e.PropertySourcesPropertyResolver - Found key 'java.vendor.url.bug' in [systemProperties] with type [String] and value 'http://bugreport.sun.com/bugreport/'
17:43:06.175 [Test worker] DEBUG o.s.c.e.PropertySourcesPropertyResolver - Searching for key 'sun.io.unicode.encoding' in [systemProperties]
17:43:06.175 [Test worker] DEBUG o.s.c.e.PropertySourcesPropertyResolver - Found key 'sun.io.unicode.encoding' in [systemProperties] with type [String] and value 'UnicodeLittle'
17:43:06.175 [Test worker] DEBUG o.s.c.e.PropertySourcesPropertyResolver - Searching for key 'sun.cpu.endian' in [systemProperties]
17:43:06.175 [Test worker] DEBUG o.s.c.e.PropertySourcesPropertyResolver - Found key 'sun.cpu.endian' in [systemProperties] with type [String] and value 'little'
17:43:06.175 [Test worker] DEBUG o.s.c.e.PropertySourcesPropertyResolver - Searching for key 'sun.desktop' in [systemProperties]
17:43:06.175 [Test worker] DEBUG o.s.c.e.PropertySourcesPropertyResolver - Found key 'sun.desktop' in [systemProperties] with type [String] and value 'windows'
17:43:06.175 [Test worker] DEBUG o.s.c.e.PropertySourcesPropertyResolver - Searching for key 'sun.cpu.isalist' in [systemProperties]
17:43:06.175 [Test worker] DEBUG o.s.c.e.PropertySourcesPropertyResolver - Found key 'sun.cpu.isalist' in [systemProperties] with type [String] and value 'amd64'
17:43:06.176 [Test worker] DEBUG o.s.c.e.PropertySourcesPropertyResolver - Searching for key 'PROCESSOR_LEVEL' in [systemProperties]
17:43:06.176 [Test worker] DEBUG o.s.c.e.PropertySourcesPropertyResolver - Searching for key 'PROCESSOR_LEVEL' in [systemEnvironment]
17:43:06.176 [Test worker] DEBUG o.s.c.e.PropertySourcesPropertyResolver - Found key 'PROCESSOR_LEVEL' in [systemEnvironment] with type [String] and value '6'
17:43:06.176 [Test worker] DEBUG o.s.c.e.PropertySourcesPropertyResolver - Searching for key 'FP_NO_HOST_CHECK' in [systemProperties]
17:43:06.176 [Test worker] DEBUG o.s.c.e.PropertySourcesPropertyResolver - Searching for key 'FP_NO_HOST_CHECK' in [systemEnvironment]
17:43:06.176 [Test worker] DEBUG o.s.c.e.PropertySourcesPropertyResolver - Found key 'FP_NO_HOST_CHECK' in [systemEnvironment] with type [String] and value 'NO'
17:43:06.176 [Test worker] DEBUG o.s.c.e.PropertySourcesPropertyResolver - Searching for key 'SESSIONNAME' in [systemProperties]
17:43:06.176 [Test worker] DEBUG o.s.c.e.PropertySourcesPropertyResolver - Searching for key 'SESSIONNAME' in [systemEnvironment]
17:43:06.176 [Test worker] DEBUG o.s.c.e.PropertySourcesPropertyResolver - Found key 'SESSIONNAME' in [systemEnvironment] with type [String] and value 'Console'
17:43:06.176 [Test worker] DEBUG o.s.c.e.PropertySourcesPropertyResolver - Searching for key 'ALLUSERSPROFILE' in [systemProperties]
17:43:06.176 [Test worker] DEBUG o.s.c.e.PropertySourcesPropertyResolver - Searching for key 'ALLUSERSPROFILE' in [systemEnvironment]
17:43:06.176 [Test worker] DEBUG o.s.c.e.PropertySourcesPropertyResolver - Found key 'ALLUSERSPROFILE' in [systemEnvironment] with type [String] and value 'C:\ProgramData'
17:43:06.176 [Test worker] DEBUG o.s.c.e.PropertySourcesPropertyResolver - Searching for key 'PROCESSOR_ARCHITECTURE' in [systemProperties]
17:43:06.176 [Test worker] DEBUG o.s.c.e.PropertySourcesPropertyResolver - Searching for key 'PROCESSOR_ARCHITECTURE' in [systemEnvironment]
17:43:06.176 [Test worker] DEBUG o.s.c.e.PropertySourcesPropertyResolver - Found key 'PROCESSOR_ARCHITECTURE' in [systemEnvironment] with type [String] and value 'AMD64'
17:43:06.176 [Test worker] DEBUG o.s.c.e.PropertySourcesPropertyResolver - Searching for key 'PSModulePath' in [systemProperties]
17:43:06.177 [Test worker] DEBUG o.s.c.e.PropertySourcesPropertyResolver - Searching for key 'PSModulePath' in [systemEnvironment]
17:43:06.177 [Test worker] DEBUG o.s.c.e.PropertySourcesPropertyResolver - Found key 'PSModulePath' in [systemEnvironment] with type [String] and value 'C:\WINDOWS\system32\WindowsPowerShell\v1.0\Modules\'
17:43:06.177 [Test worker] DEBUG o.s.c.e.PropertySourcesPropertyResolver - Searching for key 'SystemDrive' in [systemProperties]
17:43:06.177 [Test worker] DEBUG o.s.c.e.PropertySourcesPropertyResolver - Searching for key 'SystemDrive' in [systemEnvironment]
17:43:06.177 [Test worker] DEBUG o.s.c.e.PropertySourcesPropertyResolver - Found key 'SystemDrive' in [systemEnvironment] with type [String] and value 'C:'
17:43:06.177 [Test worker] DEBUG o.s.c.e.PropertySourcesPropertyResolver - Searching for key 'MAVEN_HOME' in [systemProperties]
17:43:06.177 [Test worker] DEBUG o.s.c.e.PropertySourcesPropertyResolver - Searching for key 'MAVEN_HOME' in [systemEnvironment]
17:43:06.177 [Test worker] DEBUG o.s.c.e.PropertySourcesPropertyResolver - Found key 'MAVEN_HOME' in [systemEnvironment] with type [String] and value 'C:\Program Files\Apache Software Foundation\apache-maven-3.3.3'
17:43:06.177 [Test worker] DEBUG o.s.c.e.PropertySourcesPropertyResolver - Searching for key 'USERNAME' in [systemProperties]
17:43:06.177 [Test worker] DEBUG o.s.c.e.PropertySourcesPropertyResolver - Searching for key 'USERNAME' in [systemEnvironment]
17:43:06.177 [Test worker] DEBUG o.s.c.e.PropertySourcesPropertyResolver - Found key 'USERNAME' in [systemEnvironment] with type [String] and value 'Ilya_Zinkovich'
17:43:06.177 [Test worker] DEBUG o.s.c.e.PropertySourcesPropertyResolver - Searching for key 'TOMCAT_HOME' in [systemProperties]
17:43:06.177 [Test worker] DEBUG o.s.c.e.PropertySourcesPropertyResolver - Searching for key 'TOMCAT_HOME' in [systemEnvironment]
17:43:06.177 [Test worker] DEBUG o.s.c.e.PropertySourcesPropertyResolver - Found key 'TOMCAT_HOME' in [systemEnvironment] with type [String] and value 'D:\Programs\tomcat6'
17:43:06.177 [Test worker] DEBUG o.s.c.e.PropertySourcesPropertyResolver - Searching for key 'USERDNSDOMAIN' in [systemProperties]
17:43:06.177 [Test worker] DEBUG o.s.c.e.PropertySourcesPropertyResolver - Searching for key 'USERDNSDOMAIN' in [systemEnvironment]
17:43:06.177 [Test worker] DEBUG o.s.c.e.PropertySourcesPropertyResolver - Found key 'USERDNSDOMAIN' in [systemEnvironment] with type [String] and value 'MINSK.EPAM.COM'
17:43:06.177 [Test worker] DEBUG o.s.c.e.PropertySourcesPropertyResolver - Searching for key 'ProgramFiles(x86)' in [systemProperties]
17:43:06.177 [Test worker] DEBUG o.s.c.e.PropertySourcesPropertyResolver - Searching for key 'ProgramFiles(x86)' in [systemEnvironment]
17:43:06.177 [Test worker] DEBUG o.s.c.e.PropertySourcesPropertyResolver - Found key 'ProgramFiles(x86)' in [systemEnvironment] with type [String] and value 'C:\Program Files (x86)'
17:43:06.177 [Test worker] DEBUG o.s.c.e.PropertySourcesPropertyResolver - Searching for key 'PATHEXT' in [systemProperties]
17:43:06.177 [Test worker] DEBUG o.s.c.e.PropertySourcesPropertyResolver - Searching for key 'PATHEXT' in [systemEnvironment]
17:43:06.177 [Test worker] DEBUG o.s.c.e.PropertySourcesPropertyResolver - Found key 'PATHEXT' in [systemEnvironment] with type [String] and value '.COM;.EXE;.BAT;.CMD;.VBS;.VBE;.JS;.JSE;.WSF;.WSH;.MSC'
17:43:06.178 [Test worker] DEBUG o.s.c.e.PropertySourcesPropertyResolver - Searching for key 'PYTHON_HOME' in [systemProperties]
17:43:06.178 [Test worker] DEBUG o.s.c.e.PropertySourcesPropertyResolver - Searching for key 'PYTHON_HOME' in [systemEnvironment]
17:43:06.178 [Test worker] DEBUG o.s.c.e.PropertySourcesPropertyResolver - Found key 'PYTHON_HOME' in [systemEnvironment] with type [String] and value 'C:\Program Files\Anaconda2'
17:43:06.178 [Test worker] DEBUG o.s.c.e.PropertySourcesPropertyResolver - Searching for key 'ProgramData' in [systemProperties]
17:43:06.178 [Test worker] DEBUG o.s.c.e.PropertySourcesPropertyResolver - Searching for key 'ProgramData' in [systemEnvironment]
17:43:06.178 [Test worker] DEBUG o.s.c.e.PropertySourcesPropertyResolver - Found key 'ProgramData' in [systemEnvironment] with type [String] and value 'C:\ProgramData'
17:43:06.178 [Test worker] DEBUG o.s.c.e.PropertySourcesPropertyResolver - Searching for key 'ProgramW6432' in [systemProperties]
17:43:06.178 [Test worker] DEBUG o.s.c.e.PropertySourcesPropertyResolver - Searching for key 'ProgramW6432' in [systemEnvironment]
17:43:06.178 [Test worker] DEBUG o.s.c.e.PropertySourcesPropertyResolver - Found key 'ProgramW6432' in [systemEnvironment] with type [String] and value 'C:\Program Files'
17:43:06.178 [Test worker] DEBUG o.s.c.e.PropertySourcesPropertyResolver - Searching for key 'Git' in [systemProperties]
17:43:06.178 [Test worker] DEBUG o.s.c.e.PropertySourcesPropertyResolver - Searching for key 'Git' in [systemEnvironment]
17:43:06.178 [Test worker] DEBUG o.s.c.e.PropertySourcesPropertyResolver - Found key 'Git' in [systemEnvironment] with type [String] and value 'C:\Git'
17:43:06.178 [Test worker] DEBUG o.s.c.e.PropertySourcesPropertyResolver - Searching for key 'HOMEPATH' in [systemProperties]
17:43:06.178 [Test worker] DEBUG o.s.c.e.PropertySourcesPropertyResolver - Searching for key 'HOMEPATH' in [systemEnvironment]
17:43:06.178 [Test worker] DEBUG o.s.c.e.PropertySourcesPropertyResolver - Found key 'HOMEPATH' in [systemEnvironment] with type [String] and value '\Users\Ilya_Zinkovich'
17:43:06.178 [Test worker] DEBUG o.s.c.e.PropertySourcesPropertyResolver - Searching for key 'PROCESSOR_IDENTIFIER' in [systemProperties]
17:43:06.178 [Test worker] DEBUG o.s.c.e.PropertySourcesPropertyResolver - Searching for key 'PROCESSOR_IDENTIFIER' in [systemEnvironment]
17:43:06.178 [Test worker] DEBUG o.s.c.e.PropertySourcesPropertyResolver - Found key 'PROCESSOR_IDENTIFIER' in [systemEnvironment] with type [String] and value 'Intel64 Family 6 Model 60 Stepping 3, GenuineIntel'
17:43:06.178 [Test worker] DEBUG o.s.c.e.PropertySourcesPropertyResolver - Searching for key 'ProgramFiles' in [systemProperties]
17:43:06.178 [Test worker] DEBUG o.s.c.e.PropertySourcesPropertyResolver - Searching for key 'ProgramFiles' in [systemEnvironment]
17:43:06.178 [Test worker] DEBUG o.s.c.e.PropertySourcesPropertyResolver - Found key 'ProgramFiles' in [systemEnvironment] with type [String] and value 'C:\Program Files'
17:43:06.179 [Test worker] DEBUG o.s.c.e.PropertySourcesPropertyResolver - Searching for key 'PUBLIC' in [systemProperties]
17:43:06.179 [Test worker] DEBUG o.s.c.e.PropertySourcesPropertyResolver - Searching for key 'PUBLIC' in [systemEnvironment]
17:43:06.179 [Test worker] DEBUG o.s.c.e.PropertySourcesPropertyResolver - Found key 'PUBLIC' in [systemEnvironment] with type [String] and value 'C:\Users\Public'
17:43:06.179 [Test worker] DEBUG o.s.c.e.PropertySourcesPropertyResolver - Searching for key 'windir' in [systemProperties]
17:43:06.179 [Test worker] DEBUG o.s.c.e.PropertySourcesPropertyResolver - Searching for key 'windir' in [systemEnvironment]
17:43:06.179 [Test worker] DEBUG o.s.c.e.PropertySourcesPropertyResolver - Found key 'windir' in [systemEnvironment] with type [String] and value 'C:\WINDOWS'
17:43:06.179 [Test worker] DEBUG o.s.c.e.PropertySourcesPropertyResolver - Searching for key 'LOCALAPPDATA' in [systemProperties]
17:43:06.179 [Test worker] DEBUG o.s.c.e.PropertySourcesPropertyResolver - Searching for key 'LOCALAPPDATA' in [systemEnvironment]
17:43:06.179 [Test worker] DEBUG o.s.c.e.PropertySourcesPropertyResolver - Found key 'LOCALAPPDATA' in [systemEnvironment] with type [String] and value 'C:\Users\Ilya_Zinkovich\AppData\Local'
17:43:06.179 [Test worker] DEBUG o.s.c.e.PropertySourcesPropertyResolver - Searching for key 'PIP_HOME' in [systemProperties]
17:43:06.179 [Test worker] DEBUG o.s.c.e.PropertySourcesPropertyResolver - Searching for key 'PIP_HOME' in [systemEnvironment]
17:43:06.179 [Test worker] DEBUG o.s.c.e.PropertySourcesPropertyResolver - Found key 'PIP_HOME' in [systemEnvironment] with type [String] and value 'C:\Python27\Scripts'
17:43:06.179 [Test worker] DEBUG o.s.c.e.PropertySourcesPropertyResolver - Searching for key 'USERDOMAIN' in [systemProperties]
17:43:06.179 [Test worker] DEBUG o.s.c.e.PropertySourcesPropertyResolver - Searching for key 'USERDOMAIN' in [systemEnvironment]
17:43:06.179 [Test worker] DEBUG o.s.c.e.PropertySourcesPropertyResolver - Found key 'USERDOMAIN' in [systemEnvironment] with type [String] and value 'MINSK'
17:43:06.179 [Test worker] DEBUG o.s.c.e.PropertySourcesPropertyResolver - Searching for key 'LOGONSERVER' in [systemProperties]
17:43:06.179 [Test worker] DEBUG o.s.c.e.PropertySourcesPropertyResolver - Searching for key 'LOGONSERVER' in [systemEnvironment]
17:43:06.179 [Test worker] DEBUG o.s.c.e.PropertySourcesPropertyResolver - Found key 'LOGONSERVER' in [systemEnvironment] with type [String] and value '\\EPBYMINSA0017'
17:43:06.179 [Test worker] DEBUG o.s.c.e.PropertySourcesPropertyResolver - Searching for key 'JAVA_HOME' in [systemProperties]
17:43:06.179 [Test worker] DEBUG o.s.c.e.PropertySourcesPropertyResolver - Searching for key 'JAVA_HOME' in [systemEnvironment]
17:43:06.179 [Test worker] DEBUG o.s.c.e.PropertySourcesPropertyResolver - Found key 'JAVA_HOME' in [systemEnvironment] with type [String] and value 'C:\Program Files\Java\jdk1.8.0_60'
17:43:06.180 [Test worker] DEBUG o.s.c.e.PropertySourcesPropertyResolver - Searching for key 'GRADLE_HOME' in [systemProperties]
17:43:06.180 [Test worker] DEBUG o.s.c.e.PropertySourcesPropertyResolver - Searching for key 'GRADLE_HOME' in [systemEnvironment]
17:43:06.180 [Test worker] DEBUG o.s.c.e.PropertySourcesPropertyResolver - Found key 'GRADLE_HOME' in [systemEnvironment] with type [String] and value 'C:\Program Files\gradle-2.10'
17:43:06.180 [Test worker] DEBUG o.s.c.e.PropertySourcesPropertyResolver - Searching for key 'ANT_HOME' in [systemProperties]
17:43:06.180 [Test worker] DEBUG o.s.c.e.PropertySourcesPropertyResolver - Searching for key 'ANT_HOME' in [systemEnvironment]
17:43:06.180 [Test worker] DEBUG o.s.c.e.PropertySourcesPropertyResolver - Found key 'ANT_HOME' in [systemEnvironment] with type [String] and value 'C:\Users\Ilya_Zinkovich\Downloads\apache-ant-1.9.6-bin\apache-ant-1.9.6'
17:43:06.180 [Test worker] DEBUG o.s.c.e.PropertySourcesPropertyResolver - Searching for key 'ERLANG_HOME' in [systemProperties]
17:43:06.180 [Test worker] DEBUG o.s.c.e.PropertySourcesPropertyResolver - Searching for key 'ERLANG_HOME' in [systemEnvironment]
17:43:06.180 [Test worker] DEBUG o.s.c.e.PropertySourcesPropertyResolver - Found key 'ERLANG_HOME' in [systemEnvironment] with type [String] and value 'C:\Program Files\erl7.2.1'
17:43:06.180 [Test worker] DEBUG o.s.c.e.PropertySourcesPropertyResolver - Searching for key 'MONGODB_HOME' in [systemProperties]
17:43:06.180 [Test worker] DEBUG o.s.c.e.PropertySourcesPropertyResolver - Searching for key 'MONGODB_HOME' in [systemEnvironment]
17:43:06.180 [Test worker] DEBUG o.s.c.e.PropertySourcesPropertyResolver - Found key 'MONGODB_HOME' in [systemEnvironment] with type [String] and value 'C:\mongodb'
17:43:06.180 [Test worker] DEBUG o.s.c.e.PropertySourcesPropertyResolver - Searching for key 'HADOOP_CLASSPATH' in [systemProperties]
17:43:06.183 [Test worker] DEBUG o.s.c.e.PropertySourcesPropertyResolver - Searching for key 'HADOOP_CLASSPATH' in [systemEnvironment]
17:43:06.183 [Test worker] DEBUG o.s.c.e.PropertySourcesPropertyResolver - Searching for key 'JAVA_HOME' in [systemProperties]
17:43:06.183 [Test worker] DEBUG o.s.c.e.PropertySourcesPropertyResolver - Searching for key 'JAVA_HOME' in [systemEnvironment]
17:43:06.183 [Test worker] DEBUG o.s.c.e.PropertySourcesPropertyResolver - Found key 'JAVA_HOME' in [systemEnvironment] with type [String] and value 'C:\Program Files\Java\jdk1.8.0_60'
17:43:06.183 [Test worker] DEBUG o.s.c.e.PropertySourcesPropertyResolver - Found key 'HADOOP_CLASSPATH' in [systemEnvironment] with type [String] and value 'C:\Program Files\Java\jdk1.8.0_60/lib/tools.jar'
17:43:06.183 [Test worker] DEBUG o.s.c.e.PropertySourcesPropertyResolver - Searching for key 'APPDATA' in [systemProperties]
17:43:06.184 [Test worker] DEBUG o.s.c.e.PropertySourcesPropertyResolver - Searching for key 'APPDATA' in [systemEnvironment]
17:43:06.184 [Test worker] DEBUG o.s.c.e.PropertySourcesPropertyResolver - Found key 'APPDATA' in [systemEnvironment] with type [String] and value 'C:\Users\Ilya_Zinkovich\AppData\Roaming'
17:43:06.184 [Test worker] DEBUG o.s.c.e.PropertySourcesPropertyResolver - Searching for key 'windows_tracing_logfile' in [systemProperties]
17:43:06.184 [Test worker] DEBUG o.s.c.e.PropertySourcesPropertyResolver - Searching for key 'windows_tracing_logfile' in [systemEnvironment]
17:43:06.184 [Test worker] DEBUG o.s.c.e.PropertySourcesPropertyResolver - Found key 'windows_tracing_logfile' in [systemEnvironment] with type [String] and value 'C:\BVTBin\Tests\installpackage\csilogfile.log'
17:43:06.185 [Test worker] DEBUG o.s.c.e.PropertySourcesPropertyResolver - Searching for key 'VBOX_MSI_INSTALL_PATH' in [systemProperties]
17:43:06.185 [Test worker] DEBUG o.s.c.e.PropertySourcesPropertyResolver - Searching for key 'VBOX_MSI_INSTALL_PATH' in [systemEnvironment]
17:43:06.185 [Test worker] DEBUG o.s.c.e.PropertySourcesPropertyResolver - Found key 'VBOX_MSI_INSTALL_PATH' in [systemEnvironment] with type [String] and value 'C:\Program Files\Oracle\VirtualBox\'
17:43:06.185 [Test worker] DEBUG o.s.c.e.PropertySourcesPropertyResolver - Searching for key 'CommonProgramFiles' in [systemProperties]
17:43:06.185 [Test worker] DEBUG o.s.c.e.PropertySourcesPropertyResolver - Searching for key 'CommonProgramFiles' in [systemEnvironment]
17:43:06.185 [Test worker] DEBUG o.s.c.e.PropertySourcesPropertyResolver - Found key 'CommonProgramFiles' in [systemEnvironment] with type [String] and value 'C:\Program Files\Common Files'
17:43:06.185 [Test worker] DEBUG o.s.c.e.PropertySourcesPropertyResolver - Searching for key 'Path' in [systemProperties]
17:43:06.185 [Test worker] DEBUG o.s.c.e.PropertySourcesPropertyResolver - Searching for key 'Path' in [systemEnvironment]
17:43:06.186 [Test worker] DEBUG o.s.c.e.PropertySourcesPropertyResolver - Found key 'Path' in [systemEnvironment] with type [String] and value 'C:\ProgramData\Oracle\Java\javapath;D:\Programs\Oracle\product\11.2.0\dbhome_1\bin;C:\WINDOWS\system32;C:\WINDOWS;C:\WINDOWS\System32\Wbem;C:\WINDOWS\System32\WindowsPowerShell\v1.0\;C:\Program Files\TortoiseSVN\bin;%ANT_HOME\bin;C:\Program Files\Java\jdk1.8.0_60\bin;D:\Programs\tomcat6\bin;C:\Program Files\Apache Software Foundation\apache-maven-3.3.3\bin;C:\Program Files\nodejs\;C:\Program Files\Perforce;C:\Program Files\Perforce\DVCS\;C:\Program Files\gradle-2.10\bin;C:\Program Files (x86)\Skype\Phone\;C:\mongodb\bin;C:\Git\bin;C:\Program Files\Anaconda2;C:\Python27\Scripts;C:\Program Files\Anaconda2;C:\Program Files\Anaconda2\Scripts;C:\Program Files\Anaconda2\Library\bin;C:\Users\Ilya_Zinkovich\AppData\Roaming\npm;C:\Users\Ilya_Zinkovich\AppData\Local\atom\bin'
17:43:06.186 [Test worker] DEBUG o.s.c.e.PropertySourcesPropertyResolver - Searching for key 'OS' in [systemProperties]
17:43:06.186 [Test worker] DEBUG o.s.c.e.PropertySourcesPropertyResolver - Searching for key 'OS' in [systemEnvironment]
17:43:06.186 [Test worker] DEBUG o.s.c.e.PropertySourcesPropertyResolver - Found key 'OS' in [systemEnvironment] with type [String] and value 'Windows_NT'
17:43:06.203 [Test worker] DEBUG o.s.c.e.PropertySourcesPropertyResolver - Searching for key 'windows_tracing_flags' in [systemProperties]
17:43:06.203 [Test worker] DEBUG o.s.c.e.PropertySourcesPropertyResolver - Searching for key 'windows_tracing_flags' in [systemEnvironment]
17:43:06.203 [Test worker] DEBUG o.s.c.e.PropertySourcesPropertyResolver - Found key 'windows_tracing_flags' in [systemEnvironment] with type [String] and value '3'
17:43:06.203 [Test worker] DEBUG o.s.c.e.PropertySourcesPropertyResolver - Searching for key 'COMPUTERNAME' in [systemProperties]
17:43:06.203 [Test worker] DEBUG o.s.c.e.PropertySourcesPropertyResolver - Searching for key 'COMPUTERNAME' in [systemEnvironment]
17:43:06.204 [Test worker] DEBUG o.s.c.e.PropertySourcesPropertyResolver - Found key 'COMPUTERNAME' in [systemEnvironment] with type [String] and value 'EPBYMINW3719'
17:43:06.204 [Test worker] DEBUG o.s.c.e.PropertySourcesPropertyResolver - Searching for key 'CATALINA_HOME' in [systemProperties]
17:43:06.204 [Test worker] DEBUG o.s.c.e.PropertySourcesPropertyResolver - Searching for key 'CATALINA_HOME' in [systemEnvironment]
17:43:06.204 [Test worker] DEBUG o.s.c.e.PropertySourcesPropertyResolver - Found key 'CATALINA_HOME' in [systemEnvironment] with type [String] and value 'D:\Programs\tomcat6'
17:43:06.206 [Test worker] DEBUG o.s.c.e.PropertySourcesPropertyResolver - Searching for key 'PROCESSOR_REVISION' in [systemProperties]
17:43:06.206 [Test worker] DEBUG o.s.c.e.PropertySourcesPropertyResolver - Searching for key 'PROCESSOR_REVISION' in [systemEnvironment]
17:43:06.206 [Test worker] DEBUG o.s.c.e.PropertySourcesPropertyResolver - Found key 'PROCESSOR_REVISION' in [systemEnvironment] with type [String] and value '3c03'
17:43:06.206 [Test worker] DEBUG o.s.c.e.PropertySourcesPropertyResolver - Searching for key 'CommonProgramW6432' in [systemProperties]
17:43:06.207 [Test worker] DEBUG o.s.c.e.PropertySourcesPropertyResolver - Searching for key 'CommonProgramW6432' in [systemEnvironment]
17:43:06.207 [Test worker] DEBUG o.s.c.e.PropertySourcesPropertyResolver - Found key 'CommonProgramW6432' in [systemEnvironment] with type [String] and value 'C:\Program Files\Common Files'
17:43:06.207 [Test worker] DEBUG o.s.c.e.PropertySourcesPropertyResolver - Searching for key 'ComSpec' in [systemProperties]
17:43:06.207 [Test worker] DEBUG o.s.c.e.PropertySourcesPropertyResolver - Searching for key 'ComSpec' in [systemEnvironment]
17:43:06.207 [Test worker] DEBUG o.s.c.e.PropertySourcesPropertyResolver - Found key 'ComSpec' in [systemEnvironment] with type [String] and value 'C:\WINDOWS\system32\cmd.exe'
17:43:06.207 [Test worker] DEBUG o.s.c.e.PropertySourcesPropertyResolver - Searching for key 'UATDATA' in [systemProperties]
17:43:06.208 [Test worker] DEBUG o.s.c.e.PropertySourcesPropertyResolver - Searching for key 'UATDATA' in [systemEnvironment]
17:43:06.208 [Test worker] DEBUG o.s.c.e.PropertySourcesPropertyResolver - Found key 'UATDATA' in [systemEnvironment] with type [String] and value 'C:\WINDOWS\CCM\UATData\D9F8C395-CAB8-491d-B8AC-179A1FE1BE77'
17:43:06.208 [Test worker] DEBUG o.s.c.e.PropertySourcesPropertyResolver - Searching for key 'ORACLE_UNQNAME' in [systemProperties]
17:43:06.208 [Test worker] DEBUG o.s.c.e.PropertySourcesPropertyResolver - Searching for key 'ORACLE_UNQNAME' in [systemEnvironment]
17:43:06.208 [Test worker] DEBUG o.s.c.e.PropertySourcesPropertyResolver - Found key 'ORACLE_UNQNAME' in [systemEnvironment] with type [String] and value 'RO'
17:43:06.208 [Test worker] DEBUG o.s.c.e.PropertySourcesPropertyResolver - Searching for key 'SystemRoot' in [systemProperties]
17:43:06.208 [Test worker] DEBUG o.s.c.e.PropertySourcesPropertyResolver - Searching for key 'SystemRoot' in [systemEnvironment]
17:43:06.209 [Test worker] DEBUG o.s.c.e.PropertySourcesPropertyResolver - Found key 'SystemRoot' in [systemEnvironment] with type [String] and value 'C:\WINDOWS'
17:43:06.209 [Test worker] DEBUG o.s.c.e.PropertySourcesPropertyResolver - Searching for key 'TEMP' in [systemProperties]
17:43:06.209 [Test worker] DEBUG o.s.c.e.PropertySourcesPropertyResolver - Searching for key 'TEMP' in [systemEnvironment]
17:43:06.209 [Test worker] DEBUG o.s.c.e.PropertySourcesPropertyResolver - Found key 'TEMP' in [systemEnvironment] with type [String] and value 'C:\Users\Ilya_Zinkovich\AppData\Local\Temp'
17:43:06.209 [Test worker] DEBUG o.s.c.e.PropertySourcesPropertyResolver - Searching for key 'HOMEDRIVE' in [systemProperties]
17:43:06.209 [Test worker] DEBUG o.s.c.e.PropertySourcesPropertyResolver - Searching for key 'HOMEDRIVE' in [systemEnvironment]
17:43:06.209 [Test worker] DEBUG o.s.c.e.PropertySourcesPropertyResolver - Found key 'HOMEDRIVE' in [systemEnvironment] with type [String] and value 'C:'
17:43:06.209 [Test worker] DEBUG o.s.c.e.PropertySourcesPropertyResolver - Searching for key 'USERPROFILE' in [systemProperties]
17:43:06.210 [Test worker] DEBUG o.s.c.e.PropertySourcesPropertyResolver - Searching for key 'USERPROFILE' in [systemEnvironment]
17:43:06.210 [Test worker] DEBUG o.s.c.e.PropertySourcesPropertyResolver - Found key 'USERPROFILE' in [systemEnvironment] with type [String] and value 'C:\Users\Ilya_Zinkovich'
17:43:06.210 [Test worker] DEBUG o.s.c.e.PropertySourcesPropertyResolver - Searching for key 'TMP' in [systemProperties]
17:43:06.210 [Test worker] DEBUG o.s.c.e.PropertySourcesPropertyResolver - Searching for key 'TMP' in [systemEnvironment]
17:43:06.210 [Test worker] DEBUG o.s.c.e.PropertySourcesPropertyResolver - Found key 'TMP' in [systemEnvironment] with type [String] and value 'C:\Users\Ilya_Zinkovich\AppData\Local\Temp'
17:43:06.210 [Test worker] DEBUG o.s.c.e.PropertySourcesPropertyResolver - Searching for key 'CommonProgramFiles(x86)' in [systemProperties]
17:43:06.210 [Test worker] DEBUG o.s.c.e.PropertySourcesPropertyResolver - Searching for key 'CommonProgramFiles(x86)' in [systemEnvironment]
17:43:06.211 [Test worker] DEBUG o.s.c.e.PropertySourcesPropertyResolver - Found key 'CommonProgramFiles(x86)' in [systemEnvironment] with type [String] and value 'C:\Program Files (x86)\Common Files'
17:43:06.211 [Test worker] DEBUG o.s.c.e.PropertySourcesPropertyResolver - Searching for key 'NUMBER_OF_PROCESSORS' in [systemProperties]
17:43:06.211 [Test worker] DEBUG o.s.c.e.PropertySourcesPropertyResolver - Searching for key 'NUMBER_OF_PROCESSORS' in [systemEnvironment]
17:43:06.211 [Test worker] DEBUG o.s.c.e.PropertySourcesPropertyResolver - Found key 'NUMBER_OF_PROCESSORS' in [systemEnvironment] with type [String] and value '4'
17:43:06.366 [Test worker] DEBUG o.s.c.t.c.AnnotationAttributesReadingVisitor - Failed to class-load type while reading annotation metadata. This is a non-fatal error, but certain annotation metadata may be unavailable.
java.lang.ClassNotFoundException: org.springframework.data.web.config.EnableSpringDataWebSupport
	at java.net.URLClassLoader.findClass(URLClassLoader.java:381)
	at java.lang.ClassLoader.loadClass(ClassLoader.java:424)
	at sun.misc.Launcher$AppClassLoader.loadClass(Launcher.java:331)
	at java.lang.ClassLoader.loadClass(ClassLoader.java:357)
	at org.springframework.core.type.classreading.RecursiveAnnotationAttributesVisitor.visitEnd(RecursiveAnnotationAttributesVisitor.java:47)
	at org.springframework.asm.ClassReader.readAnnotationValues(ClassReader.java:1802)
	at org.springframework.asm.ClassReader.accept(ClassReader.java:642)
	at org.springframework.asm.ClassReader.accept(ClassReader.java:508)
	at org.springframework.core.type.classreading.SimpleMetadataReader.<init>(SimpleMetadataReader.java:64)
	at org.springframework.core.type.classreading.SimpleMetadataReaderFactory.getMetadataReader(SimpleMetadataReaderFactory.java:98)
	at org.springframework.core.type.classreading.CachingMetadataReaderFactory.getMetadataReader(CachingMetadataReaderFactory.java:102)
	at org.springframework.core.type.classreading.SimpleMetadataReaderFactory.getMetadataReader(SimpleMetadataReaderFactory.java:93)
	at org.springframework.boot.autoconfigure.AutoConfigurationSorter$AutoConfigurationClasses.<init>(AutoConfigurationSorter.java:112)
	at org.springframework.boot.autoconfigure.AutoConfigurationSorter.getInPriorityOrder(AutoConfigurationSorter.java:56)
	at org.springframework.boot.autoconfigure.EnableAutoConfigurationImportSelector.sort(EnableAutoConfigurationImportSelector.java:173)
	at org.springframework.boot.autoconfigure.EnableAutoConfigurationImportSelector.selectImports(EnableAutoConfigurationImportSelector.java:82)
	at org.springframework.context.annotation.ConfigurationClassParser.processDeferredImportSelectors(ConfigurationClassParser.java:454)
	at org.springframework.context.annotation.ConfigurationClassParser.parse(ConfigurationClassParser.java:186)
	at org.springframework.context.annotation.ConfigurationClassPostProcessor.processConfigBeanDefinitions(ConfigurationClassPostProcessor.java:321)
	at org.springframework.context.annotation.ConfigurationClassPostProcessor.postProcessBeanDefinitionRegistry(ConfigurationClassPostProcessor.java:243)
	at org.springframework.context.support.PostProcessorRegistrationDelegate.invokeBeanDefinitionRegistryPostProcessors(PostProcessorRegistrationDelegate.java:273)
	at org.springframework.context.support.PostProcessorRegistrationDelegate.invokeBeanFactoryPostProcessors(PostProcessorRegistrationDelegate.java:98)
	at org.springframework.context.support.AbstractApplicationContext.invokeBeanFactoryPostProcessors(AbstractApplicationContext.java:678)
[...]
17:43:08.367 [Test worker] DEBUG o.s.b.f.a.AutowiredAnnotationBeanPostProcessor - Autowiring by type from bean name 'org.springframework.boot.autoconfigure.web.HttpMessageConvertersAutoConfiguration' to bean named 'mappingJackson2HttpMessageConverter'
17:43:08.368 [Test worker] DEBUG o.s.b.f.s.DefaultListableBeanFactory - Finished creating instance of bean 'org.springframework.boot.autoconfigure.web.HttpMessageConvertersAutoConfiguration'
17:43:08.369 [Test worker] DEBUG o.s.b.f.s.DefaultListableBeanFactory - Creating shared instance of singleton bean 'messageConverters'
17:43:08.369 [Test worker] DEBUG o.s.b.f.s.DefaultListableBeanFactory - Creating instance of bean 'messageConverters'
17:43:08.369 [Test worker] DEBUG o.s.b.f.s.DefaultListableBeanFactory - Returning cached instance of singleton bean 'org.springframework.boot.autoconfigure.web.HttpMessageConvertersAutoConfiguration'
17:43:08.418 [Test worker] DEBUG o.s.b.f.s.DefaultListableBeanFactory - Eagerly caching bean 'messageConverters' to allow for resolving potential circular references
17:43:08.419 [Test worker] DEBUG o.s.b.f.s.DefaultListableBeanFactory - Finished creating instance of bean 'messageConverters'
17:43:08.419 [Test worker] DEBUG o.s.b.f.s.DefaultListableBeanFactory - Creating shared instance of singleton bean 'org.springframework.boot.autoconfigure.web.HttpEncodingAutoConfiguration'
17:43:08.419 [Test worker] DEBUG o.s.b.f.s.DefaultListableBeanFactory - Creating instance of bean 'org.springframework.boot.autoconfigure.web.HttpEncodingAutoConfiguration'
17:43:08.420 [Test worker] DEBUG o.s.b.f.annotation.InjectionMetadata - Registered injected element on class [org.springframework.boot.autoconfigure.web.HttpEncodingAutoConfiguration$$EnhancerBySpringCGLIB$$caeac1a5]: AutowiredFieldElement for private org.springframework.boot.autoconfigure.web.HttpEncodingProperties org.springframework.boot.autoconfigure.web.HttpEncodingAutoConfiguration.httpEncodingProperties
17:43:08.420 [Test worker] DEBUG o.s.b.f.s.DefaultListableBeanFactory - Eagerly caching bean 'org.springframework.boot.autoconfigure.web.HttpEncodingAutoConfiguration' to allow for resolving potential circular references
17:43:08.457 [Test worker] DEBUG o.s.b.f.annotation.InjectionMetadata - Processing injected element of bean 'org.springframework.boot.autoconfigure.web.HttpEncodingAutoConfiguration': AutowiredFieldElement for private org.springframework.boot.autoconfigure.web.HttpEncodingProperties org.springframework.boot.autoconfigure.web.HttpEncodingAutoConfiguration.httpEncodingProperties
17:43:08.459 [Test worker] DEBUG o.s.b.f.s.DefaultListableBeanFactory - Returning cached instance of singleton bean 'spring.http.encoding.CONFIGURATION_PROPERTIES'
17:43:08.459 [Test worker] DEBUG o.s.b.f.a.AutowiredAnnotationBeanPostProcessor - Autowiring by type from bean name 'org.springframework.boot.autoconfigure.web.HttpEncodingAutoConfiguration' to bean named 'spring.http.encoding.CONFIGURATION_PROPERTIES'
17:43:08.459 [Test worker] DEBUG o.s.b.f.s.DefaultListableBeanFactory - Finished creating instance of bean 'org.springframework.boot.autoconfigure.web.HttpEncodingAutoConfiguration'
17:43:08.459 [Test worker] DEBUG o.s.b.f.s.DefaultListableBeanFactory - Creating shared instance of singleton bean 'characterEncodingFilter'
17:43:08.459 [Test worker] DEBUG o.s.b.f.s.DefaultListableBeanFactory - Creating instance of bean 'characterEncodingFilter'
17:43:08.459 [Test worker] DEBUG o.s.b.f.s.DefaultListableBeanFactory - Returning cached instance of singleton bean 'org.springframework.boot.autoconfigure.web.HttpEncodingAutoConfiguration'
17:43:08.464 [Test worker] DEBUG o.s.w.c.s.StandardServletEnvironment - Adding [servletConfigInitParams] PropertySource with lowest search precedence
17:43:08.464 [Test worker] DEBUG o.s.w.c.s.StandardServletEnvironment - Adding [servletContextInitParams] PropertySource with lowest search precedence
17:43:08.467 [Test worker] DEBUG o.s.w.c.s.StandardServletEnvironment - Adding [systemProperties] PropertySource with lowest search precedence
17:43:08.467 [Test worker] DEBUG o.s.w.c.s.StandardServletEnvironment - Adding [systemEnvironment] PropertySource with lowest search precedence
17:43:08.467 [Test worker] DEBUG o.s.w.c.s.StandardServletEnvironment - Initialized StandardServletEnvironment with PropertySources [servletConfigInitParams,servletContextInitParams,systemProperties,systemEnvironment]
17:43:08.468 [Test worker] DEBUG o.s.b.f.s.DefaultListableBeanFactory - Eagerly caching bean 'characterEncodingFilter' to allow for resolving potential circular references
17:43:08.472 [Test worker] DEBUG o.s.b.f.s.DefaultListableBeanFactory - Invoking afterPropertiesSet() on bean with name 'characterEncodingFilter'
17:43:08.472 [Test worker] DEBUG o.s.b.f.s.DefaultListableBeanFactory - Finished creating instance of bean 'characterEncodingFilter'
17:43:08.472 [Test worker] DEBUG o.s.b.f.s.DefaultListableBeanFactory - Creating shared instance of singleton bean 'org.springframework.boot.autoconfigure.web.MultipartAutoConfiguration'
17:43:08.472 [Test worker] DEBUG o.s.b.f.s.DefaultListableBeanFactory - Creating instance of bean 'org.springframework.boot.autoconfigure.web.MultipartAutoConfiguration'
17:43:08.474 [Test worker] DEBUG o.s.b.f.annotation.InjectionMetadata - Registered injected element on class [org.springframework.boot.autoconfigure.web.MultipartAutoConfiguration$$EnhancerBySpringCGLIB$$3d9a96e0]: AutowiredFieldElement for private org.springframework.boot.autoconfigure.web.MultipartProperties org.springframework.boot.autoconfigure.web.MultipartAutoConfiguration.multipartProperties
17:43:08.474 [Test worker] DEBUG o.s.b.f.s.DefaultListableBeanFactory - Eagerly caching bean 'org.springframework.boot.autoconfigure.web.MultipartAutoConfiguration' to allow for resolving potential circular references
17:43:08.476 [Test worker] DEBUG o.s.b.f.annotation.InjectionMetadata - Processing injected element of bean 'org.springframework.boot.autoconfigure.web.MultipartAutoConfiguration': AutowiredFieldElement for private org.springframework.boot.autoconfigure.web.MultipartProperties org.springframework.boot.autoconfigure.web.MultipartAutoConfiguration.multipartProperties
17:43:08.477 [Test worker] DEBUG o.s.b.f.s.DefaultListableBeanFactory - Creating shared instance of singleton bean 'multipart.CONFIGURATION_PROPERTIES'
17:43:08.477 [Test worker] DEBUG o.s.b.f.s.DefaultListableBeanFactory - Creating instance of bean 'multipart.CONFIGURATION_PROPERTIES'
17:43:08.477 [Test worker] DEBUG o.s.b.f.s.DefaultListableBeanFactory - Eagerly caching bean 'multipart.CONFIGURATION_PROPERTIES' to allow for resolving potential circular references
17:43:08.489 [Test worker] DEBUG o.s.core.env.MutablePropertySources - Adding [systemProperties] PropertySource with lowest search precedence
17:43:08.489 [Test worker] DEBUG o.s.core.env.MutablePropertySources - Adding [systemEnvironment] PropertySource with lowest search precedence
17:43:08.489 [Test worker] DEBUG o.s.core.env.MutablePropertySources - Adding [localProperties] PropertySource with lowest search precedence
17:43:08.495 [Test worker] DEBUG o.s.b.f.s.DefaultListableBeanFactory - Finished creating instance of bean 'multipart.CONFIGURATION_PROPERTIES'
17:43:08.496 [Test worker] DEBUG o.s.b.f.a.AutowiredAnnotationBeanPostProcessor - Autowiring by type from bean name 'org.springframework.boot.autoconfigure.web.MultipartAutoConfiguration' to bean named 'multipart.CONFIGURATION_PROPERTIES'
17:43:08.496 [Test worker] DEBUG o.s.b.f.s.DefaultListableBeanFactory - Finished creating instance of bean 'org.springframework.boot.autoconfigure.web.MultipartAutoConfiguration'
17:43:08.496 [Test worker] DEBUG o.s.b.f.s.DefaultListableBeanFactory - Creating shared instance of singleton bean 'multipartConfigElement'
17:43:08.496 [Test worker] DEBUG o.s.b.f.s.DefaultListableBeanFactory - Creating instance of bean 'multipartConfigElement'
17:43:08.496 [Test worker] DEBUG o.s.b.f.s.DefaultListableBeanFactory - Returning cached instance of singleton bean 'org.springframework.boot.autoconfigure.web.MultipartAutoConfiguration'
17:43:08.500 [Test worker] DEBUG o.s.b.f.s.DefaultListableBeanFactory - Eagerly caching bean 'multipartConfigElement' to allow for resolving potential circular references
17:43:08.502 [Test worker] DEBUG o.s.b.f.s.DefaultListableBeanFactory - Finished creating instance of bean 'multipartConfigElement'
17:43:08.502 [Test worker] DEBUG o.s.b.f.s.DefaultListableBeanFactory - Creating shared instance of singleton bean 'multipartResolver'
17:43:08.502 [Test worker] DEBUG o.s.b.f.s.DefaultListableBeanFactory - Creating instance of bean 'multipartResolver'
17:43:08.502 [Test worker] DEBUG o.s.b.f.s.DefaultListableBeanFactory - Returning cached instance of singleton bean 'org.springframework.boot.autoconfigure.web.MultipartAutoConfiguration'
17:43:08.504 [Test worker] DEBUG o.s.b.f.s.DefaultListableBeanFactory - Eagerly caching bean 'multipartResolver' to allow for resolving potential circular references
17:43:08.507 [Test worker] DEBUG o.s.b.f.s.DefaultListableBeanFactory - Finished creating instance of bean 'multipartResolver'
17:43:08.507 [Test worker] DEBUG o.s.b.f.s.DefaultListableBeanFactory - Returning cached instance of singleton bean 'multipart.CONFIGURATION_PROPERTIES'
17:43:08.507 [Test worker] DEBUG o.s.b.f.s.DefaultListableBeanFactory - Returning cached instance of singleton bean 'org.springframework.context.event.internalEventListenerFactory'
17:43:08.531 [Test worker] INFO  o.s.j.e.a.AnnotationMBeanExporter - Registering beans for JMX exposure on startup
17:43:08.531 [Test worker] DEBUG o.s.j.e.a.AnnotationMBeanExporter - Autodetecting user-defined JMX MBeans
17:43:08.534 [Test worker] DEBUG o.s.c.s.GenericApplicationContext - Unable to locate LifecycleProcessor with name 'lifecycleProcessor': using default [org.springframework.context.support.DefaultLifecycleProcessor@42b94ab7]
17:43:08.535 [Test worker] DEBUG o.s.b.f.s.DefaultListableBeanFactory - Returning cached instance of singleton bean 'lifecycleProcessor'
17:43:08.538 [Test worker] DEBUG o.s.b.f.s.DefaultListableBeanFactory - Returning cached instance of singleton bean 'org.springframework.boot.context.properties.ConfigurationPropertiesBindingPostProcessor'
17:43:08.540 [Test worker] DEBUG o.s.c.e.PropertySourcesPropertyResolver - Searching for key 'spring.liveBeansView.mbeanDomain' in [systemProperties]
17:43:08.540 [Test worker] DEBUG o.s.c.e.PropertySourcesPropertyResolver - Searching for key 'spring.liveBeansView.mbeanDomain' in [systemEnvironment]
17:43:08.540 [Test worker] DEBUG o.s.c.e.PropertySourcesPropertyResolver - Could not find key 'spring.liveBeansView.mbeanDomain' in any property source. Returning [null]
17:43:08.544 [Test worker] DEBUG o.s.t.c.c.DefaultCacheAwareContextLoaderDelegate - Storing ApplicationContext in cache under key [[MergedContextConfiguration@59703884 testClass = OrderServiceImplTest, locations = '{}', classes = '{class by.couriers.operator.TestConfig}', contextInitializerClasses = '[]', activeProfiles = '{}', propertySourceLocations = '{}', propertySourceProperties = '{}', contextLoader = 'org.springframework.test.context.support.DelegatingSmartContextLoader', parent = [null]]]
17:43:08.544 [Test worker] DEBUG o.springframework.test.context.cache - Spring test ApplicationContext cache statistics: [DefaultContextCache@2a945e4f size = 1, parentContextCount = 0, hitCount = 0, missCount = 1]
17:43:08.546 [Test worker] DEBUG o.s.b.f.annotation.InjectionMetadata - Processing injected element of bean 'by.couriers.operator.service.impl.OrderServiceImplTest': AutowiredFieldElement for private by.couriers.operator.service.OrderService by.couriers.operator.service.impl.OrderServiceImplTest.orderService
17:43:08.546 [Test worker] DEBUG o.s.b.f.s.DefaultListableBeanFactory - Returning cached instance of singleton bean 'orderServiceImpl'
17:43:08.547 [Test worker] DEBUG o.s.b.f.a.AutowiredAnnotationBeanPostProcessor - Autowiring by type from bean name 'by.couriers.operator.service.impl.OrderServiceImplTest' to bean named 'orderServiceImpl'
17:43:08.552 [Test worker] DEBUG o.s.t.c.s.AbstractDirtiesContextTestExecutionListener - Before test method: context [DefaultTestContext@51d4030 testClass = OrderServiceImplTest, testInstance = by.couriers.operator.service.impl.OrderServiceImplTest@7f78dd9b, testMethod = simpleTest@OrderServiceImplTest, testException = [null], mergedContextConfiguration = [MergedContextConfiguration@59703884 testClass = OrderServiceImplTest, locations = '{}', classes = '{class by.couriers.operator.TestConfig}', contextInitializerClasses = '[]', activeProfiles = '{}', propertySourceLocations = '{}', propertySourceProperties = '{}', contextLoader = 'org.springframework.test.context.support.DelegatingSmartContextLoader', parent = [null]]], class annotated with @DirtiesContext [false] with mode [null], method annotated with @DirtiesContext [false] with mode [null].
17:43:08.558 [Test worker] DEBUG org.mongodb.driver.protocol.insert - Inserting 1 documents into namespace test.Order on connection [connectionId{localValue:2, serverValue:119}] to server localhost:27017
17:43:08.565 [Test worker] DEBUG org.mongodb.driver.protocol.insert - Insert completed
17:43:08.588 [Test worker] DEBUG org.mongodb.driver.protocol.command - Sending command {find : BsonString{value='Order'}} to database test on connection [connectionId{localValue:2, serverValue:119}] to server localhost:27017
17:43:08.594 [Test worker] DEBUG org.mongodb.driver.protocol.command - Command execution completed
17:43:08.601 [Test worker] DEBUG org.mongodb.driver.protocol.update - Updating documents in namespace test.Order on connection [connectionId{localValue:2, serverValue:119}] to server localhost:27017
17:43:08.603 [Test worker] DEBUG org.mongodb.driver.protocol.update - Update completed
17:43:08.605 [Test worker] DEBUG org.mongodb.driver.protocol.command - Sending command {find : BsonString{value='Order'}} to database test on connection [connectionId{localValue:2, serverValue:119}] to server localhost:27017
17:43:08.607 [Test worker] DEBUG org.mongodb.driver.protocol.command - Command execution completed
17:43:08.609 [Test worker] DEBUG org.mongodb.driver.protocol.command - Sending command {find : BsonString{value='Order'}} to database test on connection [connectionId{localValue:2, serverValue:119}] to server localhost:27017
17:43:08.610 [Test worker] DEBUG org.mongodb.driver.protocol.command - Command execution completed
17:43:08.611 [Test worker] DEBUG org.mongodb.driver.protocol.command - Sending command {find : BsonString{value='Order'}} to database test on connection [connectionId{localValue:2, serverValue:119}] to server localhost:27017
17:43:08.612 [Test worker] DEBUG org.mongodb.driver.protocol.command - Command execution completed
17:43:08.616 [Test worker] DEBUG org.mongodb.driver.protocol.delete - Deleting documents from namespace test.Order on connection [connectionId{localValue:2, serverValue:119}] to server localhost:27017
17:43:08.616 [Test worker] DEBUG org.mongodb.driver.protocol.delete - Delete completed
17:43:08.617 [Test worker] DEBUG org.mongodb.driver.protocol.command - Sending command {find : BsonString{value='Order'}} to database test on connection [connectionId{localValue:2, serverValue:119}] to server localhost:27017
17:43:08.618 [Test worker] DEBUG org.mongodb.driver.protocol.command - Command execution completed
17:43:08.618 [Test worker] DEBUG o.s.t.c.s.AbstractDirtiesContextTestExecutionListener - After test method: context [DefaultTestContext@51d4030 testClass = OrderServiceImplTest, testInstance = by.couriers.operator.service.impl.OrderServiceImplTest@7f78dd9b, testMethod = simpleTest@OrderServiceImplTest, testException = [null], mergedContextConfiguration = [MergedContextConfiguration@59703884 testClass = OrderServiceImplTest, locations = '{}', classes = '{class by.couriers.operator.TestConfig}', contextInitializerClasses = '[]', activeProfiles = '{}', propertySourceLocations = '{}', propertySourceProperties = '{}', contextLoader = 'org.springframework.test.context.support.DelegatingSmartContextLoader', parent = [null]]], class annotated with @DirtiesContext [false] with mode [null], method annotated with @DirtiesContext [false] with mode [null].
17:43:08.619 [Test worker] DEBUG o.s.t.c.s.AbstractDirtiesContextTestExecutionListener - After test class: context [DefaultTestContext@51d4030 testClass = OrderServiceImplTest, testInstance = [null], testMethod = [null], testException = [null], mergedContextConfiguration = [MergedContextConfiguration@59703884 testClass = OrderServiceImplTest, locations = '{}', classes = '{class by.couriers.operator.TestConfig}', contextInitializerClasses = '[]', activeProfiles = '{}', propertySourceLocations = '{}', propertySourceProperties = '{}', contextLoader = 'org.springframework.test.context.support.DelegatingSmartContextLoader', parent = [null]]], class annotated with @DirtiesContext [false] with mode [null].
]]></system-out>
  <system-err><![CDATA[Apr 10, 2016 5:43:07 PM org.mongodb.morphia.logging.MorphiaLoggerFactory chooseLoggerFactory
INFO: LoggerImplFactory set to org.mongodb.morphia.logging.jdk.JDKLoggerFactory
Apr 10, 2016 5:43:08 PM org.mongodb.morphia.query.QueryValidator validateQuery
WARNING: The type(s) for the query/update may be inconsistent; using an instance of type 'org.bson.types.ObjectId' for the field 'by.couriers.operator.model.Order.orderId' which is declared as 'java.lang.String'
Apr 10, 2016 5:43:08 PM org.mongodb.morphia.query.QueryValidator validateQuery
WARNING: Validation warnings: 
[Validation failed: 'The value class needs to match the type of ID for the field. Value was 570a667cd76d16218cad89a7 and was a class org.bson.types.ObjectId and the ID of the type was class java.lang.String']
Apr 10, 2016 5:43:08 PM org.mongodb.morphia.query.QueryValidator validateQuery
WARNING: The type(s) for the query/update may be inconsistent; using an instance of type 'org.bson.types.ObjectId' for the field 'by.couriers.operator.model.Order.orderId' which is declared as 'java.lang.String'
Apr 10, 2016 5:43:08 PM org.mongodb.morphia.query.QueryValidator validateQuery
WARNING: Validation warnings: 
[Validation failed: 'The value class needs to match the type of ID for the field. Value was 570a667cd76d16218cad89a7 and was a class org.bson.types.ObjectId and the ID of the type was class java.lang.String']
Apr 10, 2016 5:43:08 PM org.mongodb.morphia.query.QueryValidator validateQuery
WARNING: The type(s) for the query/update may be inconsistent; using an instance of type 'org.bson.types.ObjectId' for the field 'by.couriers.operator.model.Order.orderId' which is declared as 'java.lang.String'
Apr 10, 2016 5:43:08 PM org.mongodb.morphia.query.QueryValidator validateQuery
WARNING: Validation warnings: 
[Validation failed: 'The value class needs to match the type of ID for the field. Value was 570a667cd76d16218cad89a7 and was a class org.bson.types.ObjectId and the ID of the type was class java.lang.String']
Apr 10, 2016 5:43:08 PM org.mongodb.morphia.query.QueryValidator validateQuery
WARNING: The type(s) for the query/update may be inconsistent; using an instance of type 'org.bson.types.ObjectId' for the field 'by.couriers.operator.model.Order.orderId' which is declared as 'java.lang.String'
Apr 10, 2016 5:43:08 PM org.mongodb.morphia.query.QueryValidator validateQuery
WARNING: Validation warnings: 
[Validation failed: 'The value class needs to match the type of ID for the field. Value was 570a667cd76d16218cad89a7 and was a class org.bson.types.ObjectId and the ID of the type was class java.lang.String']
]]></system-err>
</testsuite>
